2018-05-13 13:58:46,548 ERROR [main] c.s.d.i.MemberDaoImpl [MemberDaoImpl.java:36] Table 'go.tb_members' doesn't exist Query: insert into tb_members(name,realName,pwd,city,address,idCard,jobType,score,qq,telephone,email,free) values(?,?,?,?,?,?,?,?,?,?,?,?) Parameters: [1, 1, 1, 1, 1, 1, 1, 1, 1, 1, 1, 1]
java.sql.SQLException: Table 'go.tb_members' doesn't exist Query: insert into tb_members(name,realName,pwd,city,address,idCard,jobType,score,qq,telephone,email,free) values(?,?,?,?,?,?,?,?,?,?,?,?) Parameters: [1, 1, 1, 1, 1, 1, 1, 1, 1, 1, 1, 1]
	at org.apache.commons.dbutils.AbstractQueryRunner.rethrow(AbstractQueryRunner.java:392)
	at org.apache.commons.dbutils.QueryRunner.update(QueryRunner.java:491)
	at org.apache.commons.dbutils.QueryRunner.update(QueryRunner.java:457)
	at com.store.dao.impl.MemberDaoImpl.save(MemberDaoImpl.java:23)
	at com.store.dao.impl.MemberDaoImplTest.save(MemberDaoImplTest.java:24)
	at sun.reflect.NativeMethodAccessorImpl.invoke0(Native Method)
	at sun.reflect.NativeMethodAccessorImpl.invoke(NativeMethodAccessorImpl.java:62)
	at sun.reflect.DelegatingMethodAccessorImpl.invoke(DelegatingMethodAccessorImpl.java:43)
	at java.lang.reflect.Method.invoke(Method.java:498)
	at org.junit.runners.model.FrameworkMethod$1.runReflectiveCall(FrameworkMethod.java:47)
	at org.junit.internal.runners.model.ReflectiveCallable.run(ReflectiveCallable.java:12)
	at org.junit.runners.model.FrameworkMethod.invokeExplosively(FrameworkMethod.java:44)
	at org.junit.internal.runners.statements.InvokeMethod.evaluate(InvokeMethod.java:17)
	at org.junit.runners.ParentRunner.runLeaf(ParentRunner.java:271)
	at org.junit.runners.BlockJUnit4ClassRunner.runChild(BlockJUnit4ClassRunner.java:70)
	at org.junit.runners.BlockJUnit4ClassRunner.runChild(BlockJUnit4ClassRunner.java:50)
	at org.junit.runners.ParentRunner$3.run(ParentRunner.java:238)
	at org.junit.runners.ParentRunner$1.schedule(ParentRunner.java:63)
	at org.junit.runners.ParentRunner.runChildren(ParentRunner.java:236)
	at org.junit.runners.ParentRunner.access$000(ParentRunner.java:53)
	at org.junit.runners.ParentRunner$2.evaluate(ParentRunner.java:229)
	at org.junit.runners.ParentRunner.run(ParentRunner.java:309)
	at org.junit.runner.JUnitCore.run(JUnitCore.java:160)
	at com.intellij.junit4.JUnit4IdeaTestRunner.startRunnerWithArgs(JUnit4IdeaTestRunner.java:68)
	at com.intellij.rt.execution.junit.IdeaTestRunner$Repeater.startRunnerWithArgs(IdeaTestRunner.java:47)
	at com.intellij.rt.execution.junit.JUnitStarter.prepareStreamsAndStart(JUnitStarter.java:242)
	at com.intellij.rt.execution.junit.JUnitStarter.main(JUnitStarter.java:70)
2018-05-13 13:58:46,555 INFO [main] c.s.d.i.MemberDaoImplTest [MemberDaoImplTest.java:25] show influence 0
2018-05-13 14:02:54,148 ERROR [main] c.s.d.i.MemberDaoImpl [MemberDaoImpl.java:36] Table 'go.tb_members' doesn't exist Query: insert into tb_members(name,realName,pwd,city,address,idCard,jobType,score,qq,telephone,email,free) values(?,?,?,?,?,?,?,?,?,?,?,?) Parameters: [1, 1, 1, 1, 1, 1, 1, 1, 1, 1, 1, 1]
java.sql.SQLException: Table 'go.tb_members' doesn't exist Query: insert into tb_members(name,realName,pwd,city,address,idCard,jobType,score,qq,telephone,email,free) values(?,?,?,?,?,?,?,?,?,?,?,?) Parameters: [1, 1, 1, 1, 1, 1, 1, 1, 1, 1, 1, 1]
	at org.apache.commons.dbutils.AbstractQueryRunner.rethrow(AbstractQueryRunner.java:392)
	at org.apache.commons.dbutils.QueryRunner.update(QueryRunner.java:491)
	at org.apache.commons.dbutils.QueryRunner.update(QueryRunner.java:457)
	at com.store.dao.impl.MemberDaoImpl.save(MemberDaoImpl.java:23)
	at com.store.dao.impl.MemberDaoImplTest.save(MemberDaoImplTest.java:24)
	at sun.reflect.NativeMethodAccessorImpl.invoke0(Native Method)
	at sun.reflect.NativeMethodAccessorImpl.invoke(NativeMethodAccessorImpl.java:62)
	at sun.reflect.DelegatingMethodAccessorImpl.invoke(DelegatingMethodAccessorImpl.java:43)
	at java.lang.reflect.Method.invoke(Method.java:498)
	at org.junit.runners.model.FrameworkMethod$1.runReflectiveCall(FrameworkMethod.java:47)
	at org.junit.internal.runners.model.ReflectiveCallable.run(ReflectiveCallable.java:12)
	at org.junit.runners.model.FrameworkMethod.invokeExplosively(FrameworkMethod.java:44)
	at org.junit.internal.runners.statements.InvokeMethod.evaluate(InvokeMethod.java:17)
	at org.junit.runners.ParentRunner.runLeaf(ParentRunner.java:271)
	at org.junit.runners.BlockJUnit4ClassRunner.runChild(BlockJUnit4ClassRunner.java:70)
	at org.junit.runners.BlockJUnit4ClassRunner.runChild(BlockJUnit4ClassRunner.java:50)
	at org.junit.runners.ParentRunner$3.run(ParentRunner.java:238)
	at org.junit.runners.ParentRunner$1.schedule(ParentRunner.java:63)
	at org.junit.runners.ParentRunner.runChildren(ParentRunner.java:236)
	at org.junit.runners.ParentRunner.access$000(ParentRunner.java:53)
	at org.junit.runners.ParentRunner$2.evaluate(ParentRunner.java:229)
	at org.junit.runners.ParentRunner.run(ParentRunner.java:309)
	at org.junit.runner.JUnitCore.run(JUnitCore.java:160)
	at com.intellij.junit4.JUnit4IdeaTestRunner.startRunnerWithArgs(JUnit4IdeaTestRunner.java:68)
	at com.intellij.rt.execution.junit.IdeaTestRunner$Repeater.startRunnerWithArgs(IdeaTestRunner.java:47)
	at com.intellij.rt.execution.junit.JUnitStarter.prepareStreamsAndStart(JUnitStarter.java:242)
	at com.intellij.rt.execution.junit.JUnitStarter.main(JUnitStarter.java:70)
2018-05-13 14:02:54,155 INFO [main] c.s.d.i.MemberDaoImplTest [MemberDaoImplTest.java:25] show influence 0
2018-05-13 17:37:39,852 ERROR [main] c.s.d.i.MemberDaoImpl [MemberDaoImpl.java:113] Wrong number of parameters: expected 1, was given 0 Query: select * from tb_member where id = ? Parameters: []
java.sql.SQLException: Wrong number of parameters: expected 1, was given 0 Query: select * from tb_member where id = ? Parameters: []
	at org.apache.commons.dbutils.AbstractQueryRunner.rethrow(AbstractQueryRunner.java:392)
	at org.apache.commons.dbutils.QueryRunner.query(QueryRunner.java:351)
	at org.apache.commons.dbutils.QueryRunner.query(QueryRunner.java:307)
	at com.store.dao.impl.MemberDaoImpl.queryById(MemberDaoImpl.java:111)
	at com.store.dao.impl.MemberDaoImplTest.queryById(MemberDaoImplTest.java:51)
	at sun.reflect.NativeMethodAccessorImpl.invoke0(Native Method)
	at sun.reflect.NativeMethodAccessorImpl.invoke(NativeMethodAccessorImpl.java:62)
	at sun.reflect.DelegatingMethodAccessorImpl.invoke(DelegatingMethodAccessorImpl.java:43)
	at java.lang.reflect.Method.invoke(Method.java:498)
	at org.junit.runners.model.FrameworkMethod$1.runReflectiveCall(FrameworkMethod.java:47)
	at org.junit.internal.runners.model.ReflectiveCallable.run(ReflectiveCallable.java:12)
	at org.junit.runners.model.FrameworkMethod.invokeExplosively(FrameworkMethod.java:44)
	at org.junit.internal.runners.statements.InvokeMethod.evaluate(InvokeMethod.java:17)
	at org.junit.runners.ParentRunner.runLeaf(ParentRunner.java:271)
	at org.junit.runners.BlockJUnit4ClassRunner.runChild(BlockJUnit4ClassRunner.java:70)
	at org.junit.runners.BlockJUnit4ClassRunner.runChild(BlockJUnit4ClassRunner.java:50)
	at org.junit.runners.ParentRunner$3.run(ParentRunner.java:238)
	at org.junit.runners.ParentRunner$1.schedule(ParentRunner.java:63)
	at org.junit.runners.ParentRunner.runChildren(ParentRunner.java:236)
	at org.junit.runners.ParentRunner.access$000(ParentRunner.java:53)
	at org.junit.runners.ParentRunner$2.evaluate(ParentRunner.java:229)
	at org.junit.runners.ParentRunner.run(ParentRunner.java:309)
	at org.junit.runner.JUnitCore.run(JUnitCore.java:160)
	at com.intellij.junit4.JUnit4IdeaTestRunner.startRunnerWithArgs(JUnit4IdeaTestRunner.java:68)
	at com.intellij.rt.execution.junit.IdeaTestRunner$Repeater.startRunnerWithArgs(IdeaTestRunner.java:47)
	at com.intellij.rt.execution.junit.JUnitStarter.prepareStreamsAndStart(JUnitStarter.java:242)
	at com.intellij.rt.execution.junit.JUnitStarter.main(JUnitStarter.java:70)
2018-05-13 17:37:39,858 INFO [main] c.s.d.i.MemberDaoImplTest [MemberDaoImplTest.java:52] member info: null
2018-05-13 17:38:33,205 INFO [main] c.s.d.i.MemberDaoImplTest [MemberDaoImplTest.java:24] show influence 1
2018-05-13 17:41:11,707 ERROR [main] c.s.d.i.MemberDaoImpl [MemberDaoImpl.java:113] Wrong number of parameters: expected 1, was given 0 Query: select * from tb_member where id = ? Parameters: []
java.sql.SQLException: Wrong number of parameters: expected 1, was given 0 Query: select * from tb_member where id = ? Parameters: []
	at org.apache.commons.dbutils.AbstractQueryRunner.rethrow(AbstractQueryRunner.java:392)
	at org.apache.commons.dbutils.QueryRunner.query(QueryRunner.java:351)
	at org.apache.commons.dbutils.QueryRunner.query(QueryRunner.java:307)
	at com.store.dao.impl.MemberDaoImpl.queryById(MemberDaoImpl.java:111)
	at com.store.dao.impl.MemberDaoImplTest.queryById(MemberDaoImplTest.java:51)
	at sun.reflect.NativeMethodAccessorImpl.invoke0(Native Method)
	at sun.reflect.NativeMethodAccessorImpl.invoke(NativeMethodAccessorImpl.java:62)
	at sun.reflect.DelegatingMethodAccessorImpl.invoke(DelegatingMethodAccessorImpl.java:43)
	at java.lang.reflect.Method.invoke(Method.java:498)
	at org.junit.runners.model.FrameworkMethod$1.runReflectiveCall(FrameworkMethod.java:47)
	at org.junit.internal.runners.model.ReflectiveCallable.run(ReflectiveCallable.java:12)
	at org.junit.runners.model.FrameworkMethod.invokeExplosively(FrameworkMethod.java:44)
	at org.junit.internal.runners.statements.InvokeMethod.evaluate(InvokeMethod.java:17)
	at org.junit.runners.ParentRunner.runLeaf(ParentRunner.java:271)
	at org.junit.runners.BlockJUnit4ClassRunner.runChild(BlockJUnit4ClassRunner.java:70)
	at org.junit.runners.BlockJUnit4ClassRunner.runChild(BlockJUnit4ClassRunner.java:50)
	at org.junit.runners.ParentRunner$3.run(ParentRunner.java:238)
	at org.junit.runners.ParentRunner$1.schedule(ParentRunner.java:63)
	at org.junit.runners.ParentRunner.runChildren(ParentRunner.java:236)
	at org.junit.runners.ParentRunner.access$000(ParentRunner.java:53)
	at org.junit.runners.ParentRunner$2.evaluate(ParentRunner.java:229)
	at org.junit.runners.ParentRunner.run(ParentRunner.java:309)
	at org.junit.runner.JUnitCore.run(JUnitCore.java:160)
	at com.intellij.junit4.JUnit4IdeaTestRunner.startRunnerWithArgs(JUnit4IdeaTestRunner.java:68)
	at com.intellij.rt.execution.junit.IdeaTestRunner$Repeater.startRunnerWithArgs(IdeaTestRunner.java:47)
	at com.intellij.rt.execution.junit.JUnitStarter.prepareStreamsAndStart(JUnitStarter.java:242)
	at com.intellij.rt.execution.junit.JUnitStarter.main(JUnitStarter.java:70)
2018-05-13 17:41:11,714 INFO [main] c.s.d.i.MemberDaoImplTest [MemberDaoImplTest.java:52] member info: null
2018-05-13 17:45:32,297 INFO [main] c.s.d.i.MemberDaoImplTest [MemberDaoImplTest.java:45] member info Member{id=1, name='1', realName='1', pwd='1', city='1', address='1', idCard='1', jobType='1', score=1, qq='1', telephone='1', email='null', free='1'}
2018-05-13 17:45:32,305 INFO [main] c.s.d.i.MemberDaoImplTest [MemberDaoImplTest.java:45] member info Member{id=2, name='1', realName='1', pwd='1', city='1', address='1', idCard='1', jobType='1', score=1, qq='1', telephone='1', email='null', free='1'}
2018-05-13 17:45:32,306 INFO [main] c.s.d.i.MemberDaoImplTest [MemberDaoImplTest.java:45] member info Member{id=3, name='1', realName='1', pwd='1', city='1', address='1', idCard='1', jobType='1', score=1, qq='1', telephone='1', email='null', free='1'}
2018-05-13 17:45:32,306 INFO [main] c.s.d.i.MemberDaoImplTest [MemberDaoImplTest.java:45] member info Member{id=4, name='1', realName='1', pwd='1', city='1', address='1', idCard='1', jobType='1', score=1, qq='1', telephone='1', email='1', free='1'}
2018-05-13 17:45:32,306 INFO [main] c.s.d.i.MemberDaoImplTest [MemberDaoImplTest.java:45] member info Member{id=5, name='1', realName='1', pwd='1', city='1', address='1', idCard='1', jobType='1', score=1, qq='1', telephone='1', email='1', free='1'}
2018-05-13 17:45:32,307 INFO [main] c.s.d.i.MemberDaoImplTest [MemberDaoImplTest.java:45] member info Member{id=6, name='1', realName='1', pwd='1', city='1', address='1', idCard='1', jobType='1', score=1, qq='1', telephone='1', email='1', free='1'}
2018-05-13 17:45:32,307 INFO [main] c.s.d.i.MemberDaoImplTest [MemberDaoImplTest.java:45] member info Member{id=7, name='1', realName='1', pwd='1', city='1', address='1', idCard='1', jobType='1', score=1, qq='1', telephone='1', email='1', free='1'}
2018-05-13 17:46:08,650 ERROR [main] c.s.d.i.MemberDaoImpl [MemberDaoImpl.java:113] Wrong number of parameters: expected 1, was given 0 Query: select * from tb_member where id = ? Parameters: []
java.sql.SQLException: Wrong number of parameters: expected 1, was given 0 Query: select * from tb_member where id = ? Parameters: []
	at org.apache.commons.dbutils.AbstractQueryRunner.rethrow(AbstractQueryRunner.java:392)
	at org.apache.commons.dbutils.QueryRunner.query(QueryRunner.java:351)
	at org.apache.commons.dbutils.QueryRunner.query(QueryRunner.java:307)
	at com.store.dao.impl.MemberDaoImpl.queryById(MemberDaoImpl.java:111)
	at com.store.dao.impl.MemberDaoImplTest.queryById(MemberDaoImplTest.java:51)
	at sun.reflect.NativeMethodAccessorImpl.invoke0(Native Method)
	at sun.reflect.NativeMethodAccessorImpl.invoke(NativeMethodAccessorImpl.java:62)
	at sun.reflect.DelegatingMethodAccessorImpl.invoke(DelegatingMethodAccessorImpl.java:43)
	at java.lang.reflect.Method.invoke(Method.java:498)
	at org.junit.runners.model.FrameworkMethod$1.runReflectiveCall(FrameworkMethod.java:47)
	at org.junit.internal.runners.model.ReflectiveCallable.run(ReflectiveCallable.java:12)
	at org.junit.runners.model.FrameworkMethod.invokeExplosively(FrameworkMethod.java:44)
	at org.junit.internal.runners.statements.InvokeMethod.evaluate(InvokeMethod.java:17)
	at org.junit.runners.ParentRunner.runLeaf(ParentRunner.java:271)
	at org.junit.runners.BlockJUnit4ClassRunner.runChild(BlockJUnit4ClassRunner.java:70)
	at org.junit.runners.BlockJUnit4ClassRunner.runChild(BlockJUnit4ClassRunner.java:50)
	at org.junit.runners.ParentRunner$3.run(ParentRunner.java:238)
	at org.junit.runners.ParentRunner$1.schedule(ParentRunner.java:63)
	at org.junit.runners.ParentRunner.runChildren(ParentRunner.java:236)
	at org.junit.runners.ParentRunner.access$000(ParentRunner.java:53)
	at org.junit.runners.ParentRunner$2.evaluate(ParentRunner.java:229)
	at org.junit.runners.ParentRunner.run(ParentRunner.java:309)
	at org.junit.runner.JUnitCore.run(JUnitCore.java:160)
	at com.intellij.junit4.JUnit4IdeaTestRunner.startRunnerWithArgs(JUnit4IdeaTestRunner.java:68)
	at com.intellij.rt.execution.junit.IdeaTestRunner$Repeater.startRunnerWithArgs(IdeaTestRunner.java:47)
	at com.intellij.rt.execution.junit.JUnitStarter.prepareStreamsAndStart(JUnitStarter.java:242)
	at com.intellij.rt.execution.junit.JUnitStarter.main(JUnitStarter.java:70)
2018-05-13 17:46:08,661 INFO [main] c.s.d.i.MemberDaoImplTest [MemberDaoImplTest.java:52] member info: null
2018-05-13 17:56:28,469 INFO [main] c.s.d.i.MemberDaoImplTest [MemberDaoImplTest.java:52] member info: null
2018-05-13 18:00:03,824 INFO [main] c.s.d.i.MemberDaoImplTest [MemberDaoImplTest.java:52] member info: Member{id=4, name='1', realName='1', pwd='1', city='1', address='1', idCard='1', jobType='1', score=1, qq='1', telephone='1', email='1', free='1'}
2018-05-13 18:00:15,170 INFO [main] c.s.d.i.MemberDaoImplTest [MemberDaoImplTest.java:45] member info Member{id=1, name='1', realName='1', pwd='1', city='1', address='1', idCard='1', jobType='1', score=1, qq='1', telephone='1', email='null', free='1'}
2018-05-13 18:00:15,179 INFO [main] c.s.d.i.MemberDaoImplTest [MemberDaoImplTest.java:45] member info Member{id=2, name='1', realName='1', pwd='1', city='1', address='1', idCard='1', jobType='1', score=1, qq='1', telephone='1', email='null', free='1'}
2018-05-13 18:00:15,180 INFO [main] c.s.d.i.MemberDaoImplTest [MemberDaoImplTest.java:45] member info Member{id=3, name='1', realName='1', pwd='1', city='1', address='1', idCard='1', jobType='1', score=1, qq='1', telephone='1', email='null', free='1'}
2018-05-13 18:00:15,180 INFO [main] c.s.d.i.MemberDaoImplTest [MemberDaoImplTest.java:45] member info Member{id=4, name='1', realName='1', pwd='1', city='1', address='1', idCard='1', jobType='1', score=1, qq='1', telephone='1', email='1', free='1'}
2018-05-13 18:00:15,180 INFO [main] c.s.d.i.MemberDaoImplTest [MemberDaoImplTest.java:45] member info Member{id=5, name='1', realName='1', pwd='1', city='1', address='1', idCard='1', jobType='1', score=1, qq='1', telephone='1', email='1', free='1'}
2018-05-13 18:00:15,181 INFO [main] c.s.d.i.MemberDaoImplTest [MemberDaoImplTest.java:45] member info Member{id=6, name='1', realName='1', pwd='1', city='1', address='1', idCard='1', jobType='1', score=1, qq='1', telephone='1', email='1', free='1'}
2018-05-13 18:00:15,181 INFO [main] c.s.d.i.MemberDaoImplTest [MemberDaoImplTest.java:45] member info Member{id=7, name='1', realName='1', pwd='1', city='1', address='1', idCard='1', jobType='1', score=1, qq='1', telephone='1', email='1', free='1'}
2018-05-13 18:00:25,523 ERROR [main] c.s.d.i.MemberDaoImpl [MemberDaoImpl.java:80] Wrong number of parameters: expected 13, was given 1 Query: update set name=?,realName=?,pwd=?,city=?,address=?idCard=?,jobType=?,score=?,qq=?,telephone=?,email=?,free=? where id=? Parameters: [2]
java.sql.SQLException: Wrong number of parameters: expected 13, was given 1 Query: update set name=?,realName=?,pwd=?,city=?,address=?idCard=?,jobType=?,score=?,qq=?,telephone=?,email=?,free=? where id=? Parameters: [2]
	at org.apache.commons.dbutils.AbstractQueryRunner.rethrow(AbstractQueryRunner.java:392)
	at org.apache.commons.dbutils.QueryRunner.update(QueryRunner.java:491)
	at org.apache.commons.dbutils.QueryRunner.update(QueryRunner.java:439)
	at com.store.dao.impl.MemberDaoImpl.update(MemberDaoImpl.java:77)
	at com.store.dao.impl.MemberDaoImplTest.update(MemberDaoImplTest.java:37)
	at sun.reflect.NativeMethodAccessorImpl.invoke0(Native Method)
	at sun.reflect.NativeMethodAccessorImpl.invoke(NativeMethodAccessorImpl.java:62)
	at sun.reflect.DelegatingMethodAccessorImpl.invoke(DelegatingMethodAccessorImpl.java:43)
	at java.lang.reflect.Method.invoke(Method.java:498)
	at org.junit.runners.model.FrameworkMethod$1.runReflectiveCall(FrameworkMethod.java:47)
	at org.junit.internal.runners.model.ReflectiveCallable.run(ReflectiveCallable.java:12)
	at org.junit.runners.model.FrameworkMethod.invokeExplosively(FrameworkMethod.java:44)
	at org.junit.internal.runners.statements.InvokeMethod.evaluate(InvokeMethod.java:17)
	at org.junit.runners.ParentRunner.runLeaf(ParentRunner.java:271)
	at org.junit.runners.BlockJUnit4ClassRunner.runChild(BlockJUnit4ClassRunner.java:70)
	at org.junit.runners.BlockJUnit4ClassRunner.runChild(BlockJUnit4ClassRunner.java:50)
	at org.junit.runners.ParentRunner$3.run(ParentRunner.java:238)
	at org.junit.runners.ParentRunner$1.schedule(ParentRunner.java:63)
	at org.junit.runners.ParentRunner.runChildren(ParentRunner.java:236)
	at org.junit.runners.ParentRunner.access$000(ParentRunner.java:53)
	at org.junit.runners.ParentRunner$2.evaluate(ParentRunner.java:229)
	at org.junit.runners.ParentRunner.run(ParentRunner.java:309)
	at org.junit.runner.JUnitCore.run(JUnitCore.java:160)
	at com.intellij.junit4.JUnit4IdeaTestRunner.startRunnerWithArgs(JUnit4IdeaTestRunner.java:68)
	at com.intellij.rt.execution.junit.IdeaTestRunner$Repeater.startRunnerWithArgs(IdeaTestRunner.java:47)
	at com.intellij.rt.execution.junit.JUnitStarter.prepareStreamsAndStart(JUnitStarter.java:242)
	at com.intellij.rt.execution.junit.JUnitStarter.main(JUnitStarter.java:70)
2018-05-13 18:00:25,531 INFO [main] c.s.d.i.MemberDaoImplTest [MemberDaoImplTest.java:38] show influence line -1
2018-05-13 18:01:55,196 ERROR [main] c.s.d.i.MemberDaoImpl [MemberDaoImpl.java:80] Wrong number of parameters: expected 13, was given 2 Query: update set name=?,realName=?,pwd=?,city=?,address=?idCard=?,jobType=?,score=?,qq=?,telephone=?,email=?,free=? where id=? Parameters: [2, Member{id=4, name='1', realName='dy', pwd='1', city='1', address='1', idCard='1', jobType='1', score=1, qq='1', telephone='1', email='1', free='1'}]
java.sql.SQLException: Wrong number of parameters: expected 13, was given 2 Query: update set name=?,realName=?,pwd=?,city=?,address=?idCard=?,jobType=?,score=?,qq=?,telephone=?,email=?,free=? where id=? Parameters: [2, Member{id=4, name='1', realName='dy', pwd='1', city='1', address='1', idCard='1', jobType='1', score=1, qq='1', telephone='1', email='1', free='1'}]
	at org.apache.commons.dbutils.AbstractQueryRunner.rethrow(AbstractQueryRunner.java:392)
	at org.apache.commons.dbutils.QueryRunner.update(QueryRunner.java:491)
	at org.apache.commons.dbutils.QueryRunner.update(QueryRunner.java:457)
	at com.store.dao.impl.MemberDaoImpl.update(MemberDaoImpl.java:77)
	at com.store.dao.impl.MemberDaoImplTest.update(MemberDaoImplTest.java:37)
	at sun.reflect.NativeMethodAccessorImpl.invoke0(Native Method)
	at sun.reflect.NativeMethodAccessorImpl.invoke(NativeMethodAccessorImpl.java:62)
	at sun.reflect.DelegatingMethodAccessorImpl.invoke(DelegatingMethodAccessorImpl.java:43)
	at java.lang.reflect.Method.invoke(Method.java:498)
	at org.junit.runners.model.FrameworkMethod$1.runReflectiveCall(FrameworkMethod.java:47)
	at org.junit.internal.runners.model.ReflectiveCallable.run(ReflectiveCallable.java:12)
	at org.junit.runners.model.FrameworkMethod.invokeExplosively(FrameworkMethod.java:44)
	at org.junit.internal.runners.statements.InvokeMethod.evaluate(InvokeMethod.java:17)
	at org.junit.runners.ParentRunner.runLeaf(ParentRunner.java:271)
	at org.junit.runners.BlockJUnit4ClassRunner.runChild(BlockJUnit4ClassRunner.java:70)
	at org.junit.runners.BlockJUnit4ClassRunner.runChild(BlockJUnit4ClassRunner.java:50)
	at org.junit.runners.ParentRunner$3.run(ParentRunner.java:238)
	at org.junit.runners.ParentRunner$1.schedule(ParentRunner.java:63)
	at org.junit.runners.ParentRunner.runChildren(ParentRunner.java:236)
	at org.junit.runners.ParentRunner.access$000(ParentRunner.java:53)
	at org.junit.runners.ParentRunner$2.evaluate(ParentRunner.java:229)
	at org.junit.runners.ParentRunner.run(ParentRunner.java:309)
	at org.junit.runner.JUnitCore.run(JUnitCore.java:160)
	at com.intellij.junit4.JUnit4IdeaTestRunner.startRunnerWithArgs(JUnit4IdeaTestRunner.java:68)
	at com.intellij.rt.execution.junit.IdeaTestRunner$Repeater.startRunnerWithArgs(IdeaTestRunner.java:47)
	at com.intellij.rt.execution.junit.JUnitStarter.prepareStreamsAndStart(JUnitStarter.java:242)
	at com.intellij.rt.execution.junit.JUnitStarter.main(JUnitStarter.java:70)
2018-05-13 18:01:55,203 INFO [main] c.s.d.i.MemberDaoImplTest [MemberDaoImplTest.java:38] show influence line -1
2018-05-13 18:04:20,301 ERROR [main] c.s.d.i.MemberDaoImpl [MemberDaoImpl.java:80] Wrong number of parameters: expected 13, was given 2 Query: update set name=?,realName=?,pwd=?,city=?,address=?idCard=?,jobType=?,score=?,qq=?,telephone=?,email=?,free=? where id=? Parameters: [org.apache.commons.dbutils.handlers.BeanHandler@3234e239, Member{id=4, name='1', realName='dy', pwd='1', city='1', address='1', idCard='1', jobType='1', score=1, qq='1', telephone='1', email='1', free='1'}]
java.sql.SQLException: Wrong number of parameters: expected 13, was given 2 Query: update set name=?,realName=?,pwd=?,city=?,address=?idCard=?,jobType=?,score=?,qq=?,telephone=?,email=?,free=? where id=? Parameters: [org.apache.commons.dbutils.handlers.BeanHandler@3234e239, Member{id=4, name='1', realName='dy', pwd='1', city='1', address='1', idCard='1', jobType='1', score=1, qq='1', telephone='1', email='1', free='1'}]
	at org.apache.commons.dbutils.AbstractQueryRunner.rethrow(AbstractQueryRunner.java:392)
	at org.apache.commons.dbutils.QueryRunner.update(QueryRunner.java:491)
	at org.apache.commons.dbutils.QueryRunner.update(QueryRunner.java:457)
	at com.store.dao.impl.MemberDaoImpl.update(MemberDaoImpl.java:77)
	at com.store.dao.impl.MemberDaoImplTest.update(MemberDaoImplTest.java:37)
	at sun.reflect.NativeMethodAccessorImpl.invoke0(Native Method)
	at sun.reflect.NativeMethodAccessorImpl.invoke(NativeMethodAccessorImpl.java:62)
	at sun.reflect.DelegatingMethodAccessorImpl.invoke(DelegatingMethodAccessorImpl.java:43)
	at java.lang.reflect.Method.invoke(Method.java:498)
	at org.junit.runners.model.FrameworkMethod$1.runReflectiveCall(FrameworkMethod.java:47)
	at org.junit.internal.runners.model.ReflectiveCallable.run(ReflectiveCallable.java:12)
	at org.junit.runners.model.FrameworkMethod.invokeExplosively(FrameworkMethod.java:44)
	at org.junit.internal.runners.statements.InvokeMethod.evaluate(InvokeMethod.java:17)
	at org.junit.runners.ParentRunner.runLeaf(ParentRunner.java:271)
	at org.junit.runners.BlockJUnit4ClassRunner.runChild(BlockJUnit4ClassRunner.java:70)
	at org.junit.runners.BlockJUnit4ClassRunner.runChild(BlockJUnit4ClassRunner.java:50)
	at org.junit.runners.ParentRunner$3.run(ParentRunner.java:238)
	at org.junit.runners.ParentRunner$1.schedule(ParentRunner.java:63)
	at org.junit.runners.ParentRunner.runChildren(ParentRunner.java:236)
	at org.junit.runners.ParentRunner.access$000(ParentRunner.java:53)
	at org.junit.runners.ParentRunner$2.evaluate(ParentRunner.java:229)
	at org.junit.runners.ParentRunner.run(ParentRunner.java:309)
	at org.junit.runner.JUnitCore.run(JUnitCore.java:160)
	at com.intellij.junit4.JUnit4IdeaTestRunner.startRunnerWithArgs(JUnit4IdeaTestRunner.java:68)
	at com.intellij.rt.execution.junit.IdeaTestRunner$Repeater.startRunnerWithArgs(IdeaTestRunner.java:47)
	at com.intellij.rt.execution.junit.JUnitStarter.prepareStreamsAndStart(JUnitStarter.java:242)
	at com.intellij.rt.execution.junit.JUnitStarter.main(JUnitStarter.java:70)
2018-05-13 18:04:20,311 INFO [main] c.s.d.i.MemberDaoImplTest [MemberDaoImplTest.java:38] show influence line -1
2018-05-13 18:06:07,501 ERROR [main] c.s.d.i.MemberDaoImpl [MemberDaoImpl.java:80] Wrong number of parameters: expected 13, was given 2 Query: update set name=?,realName=?,pwd=?,city=?,address=?idCard=?,jobType=?,score=?,qq=?,telephone=?,email=?,free=? where id=? Parameters: [org.apache.commons.dbutils.handlers.BeanHandler@3234e239, Member{id=4, name='1', realName='dy', pwd='1', city='1', address='1', idCard='1', jobType='1', score=1, qq='1', telephone='1', email='1', free='1'}]
java.sql.SQLException: Wrong number of parameters: expected 13, was given 2 Query: update set name=?,realName=?,pwd=?,city=?,address=?idCard=?,jobType=?,score=?,qq=?,telephone=?,email=?,free=? where id=? Parameters: [org.apache.commons.dbutils.handlers.BeanHandler@3234e239, Member{id=4, name='1', realName='dy', pwd='1', city='1', address='1', idCard='1', jobType='1', score=1, qq='1', telephone='1', email='1', free='1'}]
	at org.apache.commons.dbutils.AbstractQueryRunner.rethrow(AbstractQueryRunner.java:392)
	at org.apache.commons.dbutils.QueryRunner.update(QueryRunner.java:491)
	at org.apache.commons.dbutils.QueryRunner.update(QueryRunner.java:457)
	at com.store.dao.impl.MemberDaoImpl.update(MemberDaoImpl.java:77)
	at com.store.dao.impl.MemberDaoImplTest.update(MemberDaoImplTest.java:37)
	at sun.reflect.NativeMethodAccessorImpl.invoke0(Native Method)
	at sun.reflect.NativeMethodAccessorImpl.invoke(NativeMethodAccessorImpl.java:62)
	at sun.reflect.DelegatingMethodAccessorImpl.invoke(DelegatingMethodAccessorImpl.java:43)
	at java.lang.reflect.Method.invoke(Method.java:498)
	at org.junit.runners.model.FrameworkMethod$1.runReflectiveCall(FrameworkMethod.java:47)
	at org.junit.internal.runners.model.ReflectiveCallable.run(ReflectiveCallable.java:12)
	at org.junit.runners.model.FrameworkMethod.invokeExplosively(FrameworkMethod.java:44)
	at org.junit.internal.runners.statements.InvokeMethod.evaluate(InvokeMethod.java:17)
	at org.junit.runners.ParentRunner.runLeaf(ParentRunner.java:271)
	at org.junit.runners.BlockJUnit4ClassRunner.runChild(BlockJUnit4ClassRunner.java:70)
	at org.junit.runners.BlockJUnit4ClassRunner.runChild(BlockJUnit4ClassRunner.java:50)
	at org.junit.runners.ParentRunner$3.run(ParentRunner.java:238)
	at org.junit.runners.ParentRunner$1.schedule(ParentRunner.java:63)
	at org.junit.runners.ParentRunner.runChildren(ParentRunner.java:236)
	at org.junit.runners.ParentRunner.access$000(ParentRunner.java:53)
	at org.junit.runners.ParentRunner$2.evaluate(ParentRunner.java:229)
	at org.junit.runners.ParentRunner.run(ParentRunner.java:309)
	at org.junit.runner.JUnitCore.run(JUnitCore.java:160)
	at com.intellij.junit4.JUnit4IdeaTestRunner.startRunnerWithArgs(JUnit4IdeaTestRunner.java:68)
	at com.intellij.rt.execution.junit.IdeaTestRunner$Repeater.startRunnerWithArgs(IdeaTestRunner.java:47)
	at com.intellij.rt.execution.junit.JUnitStarter.prepareStreamsAndStart(JUnitStarter.java:242)
	at com.intellij.rt.execution.junit.JUnitStarter.main(JUnitStarter.java:70)
2018-05-13 18:06:07,508 INFO [main] c.s.d.i.MemberDaoImplTest [MemberDaoImplTest.java:38] show influence line -1
2018-05-13 18:09:10,956 ERROR [main] c.s.d.i.MemberDaoImpl [MemberDaoImpl.java:91] You have an error in your SQL syntax; check the manual that corresponds to your MySQL server version for the right syntax to use near 'set name='1',realName='dy',pwd='1',city='1',address='1'idCard='1',jobType='1',sc' at line 1 Query: update set name=?,realName=?,pwd=?,city=?,address=?idCard=?,jobType=?,score=?,qq=?,telephone=?,email=?,free=? where id=? Parameters: [1, dy, 1, 1, 1, 1, 1, 1, 1, 1, 1, 1, 4]
java.sql.SQLException: You have an error in your SQL syntax; check the manual that corresponds to your MySQL server version for the right syntax to use near 'set name='1',realName='dy',pwd='1',city='1',address='1'idCard='1',jobType='1',sc' at line 1 Query: update set name=?,realName=?,pwd=?,city=?,address=?idCard=?,jobType=?,score=?,qq=?,telephone=?,email=?,free=? where id=? Parameters: [1, dy, 1, 1, 1, 1, 1, 1, 1, 1, 1, 1, 4]
	at org.apache.commons.dbutils.AbstractQueryRunner.rethrow(AbstractQueryRunner.java:392)
	at org.apache.commons.dbutils.QueryRunner.update(QueryRunner.java:491)
	at org.apache.commons.dbutils.QueryRunner.update(QueryRunner.java:457)
	at com.store.dao.impl.MemberDaoImpl.update(MemberDaoImpl.java:77)
	at com.store.dao.impl.MemberDaoImplTest.update(MemberDaoImplTest.java:37)
	at sun.reflect.NativeMethodAccessorImpl.invoke0(Native Method)
	at sun.reflect.NativeMethodAccessorImpl.invoke(NativeMethodAccessorImpl.java:62)
	at sun.reflect.DelegatingMethodAccessorImpl.invoke(DelegatingMethodAccessorImpl.java:43)
	at java.lang.reflect.Method.invoke(Method.java:498)
	at org.junit.runners.model.FrameworkMethod$1.runReflectiveCall(FrameworkMethod.java:47)
	at org.junit.internal.runners.model.ReflectiveCallable.run(ReflectiveCallable.java:12)
	at org.junit.runners.model.FrameworkMethod.invokeExplosively(FrameworkMethod.java:44)
	at org.junit.internal.runners.statements.InvokeMethod.evaluate(InvokeMethod.java:17)
	at org.junit.runners.ParentRunner.runLeaf(ParentRunner.java:271)
	at org.junit.runners.BlockJUnit4ClassRunner.runChild(BlockJUnit4ClassRunner.java:70)
	at org.junit.runners.BlockJUnit4ClassRunner.runChild(BlockJUnit4ClassRunner.java:50)
	at org.junit.runners.ParentRunner$3.run(ParentRunner.java:238)
	at org.junit.runners.ParentRunner$1.schedule(ParentRunner.java:63)
	at org.junit.runners.ParentRunner.runChildren(ParentRunner.java:236)
	at org.junit.runners.ParentRunner.access$000(ParentRunner.java:53)
	at org.junit.runners.ParentRunner$2.evaluate(ParentRunner.java:229)
	at org.junit.runners.ParentRunner.run(ParentRunner.java:309)
	at org.junit.runner.JUnitCore.run(JUnitCore.java:160)
	at com.intellij.junit4.JUnit4IdeaTestRunner.startRunnerWithArgs(JUnit4IdeaTestRunner.java:68)
	at com.intellij.rt.execution.junit.IdeaTestRunner$Repeater.startRunnerWithArgs(IdeaTestRunner.java:47)
	at com.intellij.rt.execution.junit.JUnitStarter.prepareStreamsAndStart(JUnitStarter.java:242)
	at com.intellij.rt.execution.junit.JUnitStarter.main(JUnitStarter.java:70)
2018-05-13 18:09:10,963 INFO [main] c.s.d.i.MemberDaoImplTest [MemberDaoImplTest.java:38] show influence line -1
2018-05-13 18:10:49,614 ERROR [main] c.s.d.i.MemberDaoImpl [MemberDaoImpl.java:91] You have an error in your SQL syntax; check the manual that corresponds to your MySQL server version for the right syntax to use near 'set name='1',realName='dy',pwd='1',city='1',address='1'idCard='1',jobType='1',sc' at line 1 Query: update set name=?,realName=?,pwd=?,city=?,address=?idCard=?,jobType=?,score=?,qq=?,telephone=?,email=?,free=? from tb_member where id=? Parameters: [1, dy, 1, 1, 1, 1, 1, 1, 1, 1, 1, 1, 4]
java.sql.SQLException: You have an error in your SQL syntax; check the manual that corresponds to your MySQL server version for the right syntax to use near 'set name='1',realName='dy',pwd='1',city='1',address='1'idCard='1',jobType='1',sc' at line 1 Query: update set name=?,realName=?,pwd=?,city=?,address=?idCard=?,jobType=?,score=?,qq=?,telephone=?,email=?,free=? from tb_member where id=? Parameters: [1, dy, 1, 1, 1, 1, 1, 1, 1, 1, 1, 1, 4]
	at org.apache.commons.dbutils.AbstractQueryRunner.rethrow(AbstractQueryRunner.java:392)
	at org.apache.commons.dbutils.QueryRunner.update(QueryRunner.java:491)
	at org.apache.commons.dbutils.QueryRunner.update(QueryRunner.java:457)
	at com.store.dao.impl.MemberDaoImpl.update(MemberDaoImpl.java:77)
	at com.store.dao.impl.MemberDaoImplTest.update(MemberDaoImplTest.java:37)
	at sun.reflect.NativeMethodAccessorImpl.invoke0(Native Method)
	at sun.reflect.NativeMethodAccessorImpl.invoke(NativeMethodAccessorImpl.java:62)
	at sun.reflect.DelegatingMethodAccessorImpl.invoke(DelegatingMethodAccessorImpl.java:43)
	at java.lang.reflect.Method.invoke(Method.java:498)
	at org.junit.runners.model.FrameworkMethod$1.runReflectiveCall(FrameworkMethod.java:47)
	at org.junit.internal.runners.model.ReflectiveCallable.run(ReflectiveCallable.java:12)
	at org.junit.runners.model.FrameworkMethod.invokeExplosively(FrameworkMethod.java:44)
	at org.junit.internal.runners.statements.InvokeMethod.evaluate(InvokeMethod.java:17)
	at org.junit.runners.ParentRunner.runLeaf(ParentRunner.java:271)
	at org.junit.runners.BlockJUnit4ClassRunner.runChild(BlockJUnit4ClassRunner.java:70)
	at org.junit.runners.BlockJUnit4ClassRunner.runChild(BlockJUnit4ClassRunner.java:50)
	at org.junit.runners.ParentRunner$3.run(ParentRunner.java:238)
	at org.junit.runners.ParentRunner$1.schedule(ParentRunner.java:63)
	at org.junit.runners.ParentRunner.runChildren(ParentRunner.java:236)
	at org.junit.runners.ParentRunner.access$000(ParentRunner.java:53)
	at org.junit.runners.ParentRunner$2.evaluate(ParentRunner.java:229)
	at org.junit.runners.ParentRunner.run(ParentRunner.java:309)
	at org.junit.runner.JUnitCore.run(JUnitCore.java:160)
	at com.intellij.junit4.JUnit4IdeaTestRunner.startRunnerWithArgs(JUnit4IdeaTestRunner.java:68)
	at com.intellij.rt.execution.junit.IdeaTestRunner$Repeater.startRunnerWithArgs(IdeaTestRunner.java:47)
	at com.intellij.rt.execution.junit.JUnitStarter.prepareStreamsAndStart(JUnitStarter.java:242)
	at com.intellij.rt.execution.junit.JUnitStarter.main(JUnitStarter.java:70)
2018-05-13 18:10:49,621 INFO [main] c.s.d.i.MemberDaoImplTest [MemberDaoImplTest.java:38] show influence line -1
2018-05-13 18:11:31,745 ERROR [main] c.s.d.i.MemberDaoImpl [MemberDaoImpl.java:91] You have an error in your SQL syntax; check the manual that corresponds to your MySQL server version for the right syntax to use near 'idCard='1',jobType='1',score=1,qq='1',telephone='1',email='1',free='1' where id=' at line 1 Query: update tb_member set name=?,realName=?,pwd=?,city=?,address=?idCard=?,jobType=?,score=?,qq=?,telephone=?,email=?,free=? where id=? Parameters: [1, dy, 1, 1, 1, 1, 1, 1, 1, 1, 1, 1, 4]
java.sql.SQLException: You have an error in your SQL syntax; check the manual that corresponds to your MySQL server version for the right syntax to use near 'idCard='1',jobType='1',score=1,qq='1',telephone='1',email='1',free='1' where id=' at line 1 Query: update tb_member set name=?,realName=?,pwd=?,city=?,address=?idCard=?,jobType=?,score=?,qq=?,telephone=?,email=?,free=? where id=? Parameters: [1, dy, 1, 1, 1, 1, 1, 1, 1, 1, 1, 1, 4]
	at org.apache.commons.dbutils.AbstractQueryRunner.rethrow(AbstractQueryRunner.java:392)
	at org.apache.commons.dbutils.QueryRunner.update(QueryRunner.java:491)
	at org.apache.commons.dbutils.QueryRunner.update(QueryRunner.java:457)
	at com.store.dao.impl.MemberDaoImpl.update(MemberDaoImpl.java:77)
	at com.store.dao.impl.MemberDaoImplTest.update(MemberDaoImplTest.java:37)
	at sun.reflect.NativeMethodAccessorImpl.invoke0(Native Method)
	at sun.reflect.NativeMethodAccessorImpl.invoke(NativeMethodAccessorImpl.java:62)
	at sun.reflect.DelegatingMethodAccessorImpl.invoke(DelegatingMethodAccessorImpl.java:43)
	at java.lang.reflect.Method.invoke(Method.java:498)
	at org.junit.runners.model.FrameworkMethod$1.runReflectiveCall(FrameworkMethod.java:47)
	at org.junit.internal.runners.model.ReflectiveCallable.run(ReflectiveCallable.java:12)
	at org.junit.runners.model.FrameworkMethod.invokeExplosively(FrameworkMethod.java:44)
	at org.junit.internal.runners.statements.InvokeMethod.evaluate(InvokeMethod.java:17)
	at org.junit.runners.ParentRunner.runLeaf(ParentRunner.java:271)
	at org.junit.runners.BlockJUnit4ClassRunner.runChild(BlockJUnit4ClassRunner.java:70)
	at org.junit.runners.BlockJUnit4ClassRunner.runChild(BlockJUnit4ClassRunner.java:50)
	at org.junit.runners.ParentRunner$3.run(ParentRunner.java:238)
	at org.junit.runners.ParentRunner$1.schedule(ParentRunner.java:63)
	at org.junit.runners.ParentRunner.runChildren(ParentRunner.java:236)
	at org.junit.runners.ParentRunner.access$000(ParentRunner.java:53)
	at org.junit.runners.ParentRunner$2.evaluate(ParentRunner.java:229)
	at org.junit.runners.ParentRunner.run(ParentRunner.java:309)
	at org.junit.runner.JUnitCore.run(JUnitCore.java:160)
	at com.intellij.junit4.JUnit4IdeaTestRunner.startRunnerWithArgs(JUnit4IdeaTestRunner.java:68)
	at com.intellij.rt.execution.junit.IdeaTestRunner$Repeater.startRunnerWithArgs(IdeaTestRunner.java:47)
	at com.intellij.rt.execution.junit.JUnitStarter.prepareStreamsAndStart(JUnitStarter.java:242)
	at com.intellij.rt.execution.junit.JUnitStarter.main(JUnitStarter.java:70)
2018-05-13 18:11:31,759 INFO [main] c.s.d.i.MemberDaoImplTest [MemberDaoImplTest.java:38] show influence line -1
2018-05-13 18:12:09,485 INFO [main] c.s.d.i.MemberDaoImplTest [MemberDaoImplTest.java:38] show influence line -1
2018-05-13 18:13:43,024 INFO [main] c.s.d.i.MemberDaoImplTest [MemberDaoImplTest.java:52] member info: Member{id=4, name='1', realName='dy', pwd='1', city='1', address='1', idCard='1', jobType='1', score=1, qq='1', telephone='1', email='1', free='1'}
2018-05-13 18:14:04,439 INFO [main] c.s.d.i.MemberDaoImplTest [MemberDaoImplTest.java:38] show influence line -1
2018-05-13 18:14:39,558 INFO [main] c.s.d.i.MemberDaoImplTest [MemberDaoImplTest.java:52] member info: Member{id=4, name='1', realName='dy', pwd='1', city='1', address='1', idCard='1', jobType='1', score=1, qq='1', telephone='1', email='1', free='1'}
2018-05-13 18:14:57,234 INFO [main] c.s.d.i.MemberDaoImplTest [MemberDaoImplTest.java:30] show influence 1
2018-05-13 18:15:25,756 INFO [main] c.s.d.i.MemberDaoImplTest [MemberDaoImplTest.java:24] show influence 1
2018-05-15 08:59:30,847 ERROR [main] c.s.d.i.AdminDaoImpl [AdminDaoImpl.java:27] Wrong number of parameters: expected 2, was given 1 Query: insert into tb_admin(name,pwd) values(?,?) Parameters: [Admin{id=null, name='董洋', pwd='123456'}]
java.sql.SQLException: Wrong number of parameters: expected 2, was given 1 Query: insert into tb_admin(name,pwd) values(?,?) Parameters: [Admin{id=null, name='董洋', pwd='123456'}]
	at org.apache.commons.dbutils.AbstractQueryRunner.rethrow(AbstractQueryRunner.java:392)
	at org.apache.commons.dbutils.QueryRunner.insert(QueryRunner.java:610)
	at org.apache.commons.dbutils.QueryRunner.insert(QueryRunner.java:534)
	at com.store.dao.impl.AdminDaoImpl.save(AdminDaoImpl.java:25)
	at com.store.dao.impl.AdminDaoImplTest.save(AdminDaoImplTest.java:18)
	at sun.reflect.NativeMethodAccessorImpl.invoke0(Native Method)
	at sun.reflect.NativeMethodAccessorImpl.invoke(NativeMethodAccessorImpl.java:62)
	at sun.reflect.DelegatingMethodAccessorImpl.invoke(DelegatingMethodAccessorImpl.java:43)
	at java.lang.reflect.Method.invoke(Method.java:498)
	at org.junit.runners.model.FrameworkMethod$1.runReflectiveCall(FrameworkMethod.java:47)
	at org.junit.internal.runners.model.ReflectiveCallable.run(ReflectiveCallable.java:12)
	at org.junit.runners.model.FrameworkMethod.invokeExplosively(FrameworkMethod.java:44)
	at org.junit.internal.runners.statements.InvokeMethod.evaluate(InvokeMethod.java:17)
	at org.junit.runners.ParentRunner.runLeaf(ParentRunner.java:271)
	at org.junit.runners.BlockJUnit4ClassRunner.runChild(BlockJUnit4ClassRunner.java:70)
	at org.junit.runners.BlockJUnit4ClassRunner.runChild(BlockJUnit4ClassRunner.java:50)
	at org.junit.runners.ParentRunner$3.run(ParentRunner.java:238)
	at org.junit.runners.ParentRunner$1.schedule(ParentRunner.java:63)
	at org.junit.runners.ParentRunner.runChildren(ParentRunner.java:236)
	at org.junit.runners.ParentRunner.access$000(ParentRunner.java:53)
	at org.junit.runners.ParentRunner$2.evaluate(ParentRunner.java:229)
	at org.junit.runners.ParentRunner.run(ParentRunner.java:309)
	at org.junit.runner.JUnitCore.run(JUnitCore.java:160)
	at com.intellij.junit4.JUnit4IdeaTestRunner.startRunnerWithArgs(JUnit4IdeaTestRunner.java:68)
	at com.intellij.rt.execution.junit.IdeaTestRunner$Repeater.startRunnerWithArgs(IdeaTestRunner.java:47)
	at com.intellij.rt.execution.junit.JUnitStarter.prepareStreamsAndStart(JUnitStarter.java:242)
	at com.intellij.rt.execution.junit.JUnitStarter.main(JUnitStarter.java:70)
2018-05-15 08:59:30,855 INFO [main] c.s.d.i.AdminDaoImplTest [AdminDaoImplTest.java:19] 修改的状态:0
2018-05-15 09:09:15,268 INFO [main] c.s.d.i.AdminDaoImplTest [AdminDaoImplTest.java:19] 修改的状态:1
2018-05-15 09:39:46,656 ERROR [main] c.s.d.i.AdminDaoImpl [AdminDaoImpl.java:27] Connections could not be acquired from the underlying database!
java.sql.SQLException: Connections could not be acquired from the underlying database!
	at com.mchange.v2.sql.SqlUtils.toSQLException(SqlUtils.java:106)
	at com.mchange.v2.c3p0.impl.C3P0PooledConnectionPool.checkoutPooledConnection(C3P0PooledConnectionPool.java:529)
	at com.mchange.v2.c3p0.impl.AbstractPoolBackedDataSource.getConnection(AbstractPoolBackedDataSource.java:128)
	at org.apache.commons.dbutils.AbstractQueryRunner.prepareConnection(AbstractQueryRunner.java:204)
	at org.apache.commons.dbutils.QueryRunner.update(QueryRunner.java:455)
	at com.store.dao.impl.AdminDaoImpl.save(AdminDaoImpl.java:25)
	at com.store.dao.impl.AdminDaoImplTest.save(AdminDaoImplTest.java:18)
	at sun.reflect.NativeMethodAccessorImpl.invoke0(Native Method)
	at sun.reflect.NativeMethodAccessorImpl.invoke(NativeMethodAccessorImpl.java:62)
	at sun.reflect.DelegatingMethodAccessorImpl.invoke(DelegatingMethodAccessorImpl.java:43)
	at java.lang.reflect.Method.invoke(Method.java:498)
	at org.junit.runners.model.FrameworkMethod$1.runReflectiveCall(FrameworkMethod.java:47)
	at org.junit.internal.runners.model.ReflectiveCallable.run(ReflectiveCallable.java:12)
	at org.junit.runners.model.FrameworkMethod.invokeExplosively(FrameworkMethod.java:44)
	at org.junit.internal.runners.statements.InvokeMethod.evaluate(InvokeMethod.java:17)
	at org.junit.runners.ParentRunner.runLeaf(ParentRunner.java:271)
	at org.junit.runners.BlockJUnit4ClassRunner.runChild(BlockJUnit4ClassRunner.java:70)
	at org.junit.runners.BlockJUnit4ClassRunner.runChild(BlockJUnit4ClassRunner.java:50)
	at org.junit.runners.ParentRunner$3.run(ParentRunner.java:238)
	at org.junit.runners.ParentRunner$1.schedule(ParentRunner.java:63)
	at org.junit.runners.ParentRunner.runChildren(ParentRunner.java:236)
	at org.junit.runners.ParentRunner.access$000(ParentRunner.java:53)
	at org.junit.runners.ParentRunner$2.evaluate(ParentRunner.java:229)
	at org.junit.runners.ParentRunner.run(ParentRunner.java:309)
	at org.junit.runner.JUnitCore.run(JUnitCore.java:160)
	at com.intellij.junit4.JUnit4IdeaTestRunner.startRunnerWithArgs(JUnit4IdeaTestRunner.java:68)
	at com.intellij.rt.execution.junit.IdeaTestRunner$Repeater.startRunnerWithArgs(IdeaTestRunner.java:47)
	at com.intellij.rt.execution.junit.JUnitStarter.prepareStreamsAndStart(JUnitStarter.java:242)
	at com.intellij.rt.execution.junit.JUnitStarter.main(JUnitStarter.java:70)
Caused by: com.mchange.v2.resourcepool.CannotAcquireResourceException: A ResourcePool could not acquire a resource from its primary factory or source.
	at com.mchange.v2.resourcepool.BasicResourcePool.awaitAvailable(BasicResourcePool.java:1319)
	at com.mchange.v2.resourcepool.BasicResourcePool.prelimCheckoutResource(BasicResourcePool.java:557)
	at com.mchange.v2.resourcepool.BasicResourcePool.checkoutResource(BasicResourcePool.java:477)
	at com.mchange.v2.c3p0.impl.C3P0PooledConnectionPool.checkoutPooledConnection(C3P0PooledConnectionPool.java:525)
	... 27 common frames omitted
2018-05-15 09:39:46,665 INFO [main] c.s.d.i.AdminDaoImplTest [AdminDaoImplTest.java:19] 修改的状态:0
2018-05-15 09:43:39,081 INFO [main] c.s.d.i.AdminDaoImplTest [AdminDaoImplTest.java:19] 修改的状态:1
2018-05-15 10:20:44,323 ERROR [main] c.s.d.i.AdminDaoImpl [AdminDaoImpl.java:66] Cannot create com.store.entity.Admin: com.store.entity.Admin Query: select * from tb_admin Parameters: []
java.sql.SQLException: Cannot create com.store.entity.Admin: com.store.entity.Admin Query: select * from tb_admin Parameters: []
	at org.apache.commons.dbutils.AbstractQueryRunner.rethrow(AbstractQueryRunner.java:392)
	at org.apache.commons.dbutils.QueryRunner.query(QueryRunner.java:351)
	at org.apache.commons.dbutils.QueryRunner.query(QueryRunner.java:307)
	at com.store.dao.impl.AdminDaoImpl.queryAll(AdminDaoImpl.java:64)
	at com.store.dao.impl.AdminDaoImplTest.queryAll(AdminDaoImplTest.java:37)
	at sun.reflect.NativeMethodAccessorImpl.invoke0(Native Method)
	at sun.reflect.NativeMethodAccessorImpl.invoke(NativeMethodAccessorImpl.java:62)
	at sun.reflect.DelegatingMethodAccessorImpl.invoke(DelegatingMethodAccessorImpl.java:43)
	at java.lang.reflect.Method.invoke(Method.java:498)
	at org.junit.runners.model.FrameworkMethod$1.runReflectiveCall(FrameworkMethod.java:47)
	at org.junit.internal.runners.model.ReflectiveCallable.run(ReflectiveCallable.java:12)
	at org.junit.runners.model.FrameworkMethod.invokeExplosively(FrameworkMethod.java:44)
	at org.junit.internal.runners.statements.InvokeMethod.evaluate(InvokeMethod.java:17)
	at org.junit.runners.ParentRunner.runLeaf(ParentRunner.java:271)
	at org.junit.runners.BlockJUnit4ClassRunner.runChild(BlockJUnit4ClassRunner.java:70)
	at org.junit.runners.BlockJUnit4ClassRunner.runChild(BlockJUnit4ClassRunner.java:50)
	at org.junit.runners.ParentRunner$3.run(ParentRunner.java:238)
	at org.junit.runners.ParentRunner$1.schedule(ParentRunner.java:63)
	at org.junit.runners.ParentRunner.runChildren(ParentRunner.java:236)
	at org.junit.runners.ParentRunner.access$000(ParentRunner.java:53)
	at org.junit.runners.ParentRunner$2.evaluate(ParentRunner.java:229)
	at org.junit.runners.ParentRunner.run(ParentRunner.java:309)
	at org.junit.runner.JUnitCore.run(JUnitCore.java:160)
	at com.intellij.junit4.JUnit4IdeaTestRunner.startRunnerWithArgs(JUnit4IdeaTestRunner.java:68)
	at com.intellij.rt.execution.junit.IdeaTestRunner$Repeater.startRunnerWithArgs(IdeaTestRunner.java:47)
	at com.intellij.rt.execution.junit.JUnitStarter.prepareStreamsAndStart(JUnitStarter.java:242)
	at com.intellij.rt.execution.junit.JUnitStarter.main(JUnitStarter.java:70)
2018-05-15 10:23:09,770 INFO [main] c.s.d.i.MemberDaoImplTest [MemberDaoImplTest.java:42] member info Member{id=1, name='1', realName='dyssss', pwd='1', city='1', address='1', idCard='1', jobType='1', score=1, qq='1', telephone='1', email='null', free='1'}
2018-05-15 10:23:09,780 INFO [main] c.s.d.i.MemberDaoImplTest [MemberDaoImplTest.java:42] member info Member{id=3, name='1', realName='1', pwd='1', city='1', address='1', idCard='1', jobType='1', score=1, qq='1', telephone='1', email='null', free='1'}
2018-05-15 10:23:09,780 INFO [main] c.s.d.i.MemberDaoImplTest [MemberDaoImplTest.java:42] member info Member{id=4, name='1', realName='dy', pwd='1', city='1', address='1', idCard='1', jobType='1', score=1, qq='1', telephone='1', email='1', free='1'}
2018-05-15 10:23:09,781 INFO [main] c.s.d.i.MemberDaoImplTest [MemberDaoImplTest.java:42] member info Member{id=5, name='1', realName='1', pwd='1', city='1', address='1', idCard='1', jobType='1', score=1, qq='1', telephone='1', email='1', free='1'}
2018-05-15 10:23:09,782 INFO [main] c.s.d.i.MemberDaoImplTest [MemberDaoImplTest.java:42] member info Member{id=6, name='1', realName='1', pwd='1', city='1', address='1', idCard='1', jobType='1', score=1, qq='1', telephone='1', email='1', free='1'}
2018-05-15 10:23:09,782 INFO [main] c.s.d.i.MemberDaoImplTest [MemberDaoImplTest.java:42] member info Member{id=7, name='1', realName='1', pwd='1', city='1', address='1', idCard='1', jobType='1', score=1, qq='1', telephone='1', email='1', free='1'}
2018-05-15 10:23:09,783 INFO [main] c.s.d.i.MemberDaoImplTest [MemberDaoImplTest.java:42] member info Member{id=8, name='1', realName='1', pwd='1', city='1', address='1', idCard='1', jobType='1', score=1, qq='1', telephone='1', email='1', free='1'}
2018-05-15 10:24:38,319 ERROR [main] c.s.d.i.AdminDaoImpl [AdminDaoImpl.java:66] Cannot create com.store.entity.Admin: com.store.entity.Admin Query: select * from tb_admin Parameters: []
java.sql.SQLException: Cannot create com.store.entity.Admin: com.store.entity.Admin Query: select * from tb_admin Parameters: []
	at org.apache.commons.dbutils.AbstractQueryRunner.rethrow(AbstractQueryRunner.java:392)
	at org.apache.commons.dbutils.QueryRunner.query(QueryRunner.java:351)
	at org.apache.commons.dbutils.QueryRunner.query(QueryRunner.java:307)
	at com.store.dao.impl.AdminDaoImpl.queryAll(AdminDaoImpl.java:64)
	at com.store.dao.impl.AdminDaoImplTest.queryAll(AdminDaoImplTest.java:37)
	at sun.reflect.NativeMethodAccessorImpl.invoke0(Native Method)
	at sun.reflect.NativeMethodAccessorImpl.invoke(NativeMethodAccessorImpl.java:62)
	at sun.reflect.DelegatingMethodAccessorImpl.invoke(DelegatingMethodAccessorImpl.java:43)
	at java.lang.reflect.Method.invoke(Method.java:498)
	at org.junit.runners.model.FrameworkMethod$1.runReflectiveCall(FrameworkMethod.java:47)
	at org.junit.internal.runners.model.ReflectiveCallable.run(ReflectiveCallable.java:12)
	at org.junit.runners.model.FrameworkMethod.invokeExplosively(FrameworkMethod.java:44)
	at org.junit.internal.runners.statements.InvokeMethod.evaluate(InvokeMethod.java:17)
	at org.junit.runners.ParentRunner.runLeaf(ParentRunner.java:271)
	at org.junit.runners.BlockJUnit4ClassRunner.runChild(BlockJUnit4ClassRunner.java:70)
	at org.junit.runners.BlockJUnit4ClassRunner.runChild(BlockJUnit4ClassRunner.java:50)
	at org.junit.runners.ParentRunner$3.run(ParentRunner.java:238)
	at org.junit.runners.ParentRunner$1.schedule(ParentRunner.java:63)
	at org.junit.runners.ParentRunner.runChildren(ParentRunner.java:236)
	at org.junit.runners.ParentRunner.access$000(ParentRunner.java:53)
	at org.junit.runners.ParentRunner$2.evaluate(ParentRunner.java:229)
	at org.junit.runners.ParentRunner.run(ParentRunner.java:309)
	at org.junit.runner.JUnitCore.run(JUnitCore.java:160)
	at com.intellij.junit4.JUnit4IdeaTestRunner.startRunnerWithArgs(JUnit4IdeaTestRunner.java:68)
	at com.intellij.rt.execution.junit.IdeaTestRunner$Repeater.startRunnerWithArgs(IdeaTestRunner.java:47)
	at com.intellij.rt.execution.junit.JUnitStarter.prepareStreamsAndStart(JUnitStarter.java:242)
	at com.intellij.rt.execution.junit.JUnitStarter.main(JUnitStarter.java:70)
2018-05-15 10:45:56,376 INFO [main] c.s.d.i.AdminDaoImplTest [AdminDaoImplTest.java:39] ss Admin{id=1, name='ÕÅÈý', pwd='123'}
2018-05-15 10:45:56,385 INFO [main] c.s.d.i.AdminDaoImplTest [AdminDaoImplTest.java:39] ss Admin{id=2, name='??', pwd='123456'}
2018-05-15 10:45:56,385 INFO [main] c.s.d.i.AdminDaoImplTest [AdminDaoImplTest.java:39] ss Admin{id=3, name='董洋', pwd='123456'}
2018-05-15 10:50:37,935 INFO [main] c.s.d.i.AdminDaoImplTest [AdminDaoImplTest.java:50] Admin{id=3, name='董洋', pwd='123456'}
2018-05-15 10:50:50,210 INFO [main] c.s.d.i.AdminDaoImplTest [AdminDaoImplTest.java:35] 修改的状态:1
2018-05-15 10:51:00,820 INFO [main] c.s.d.i.AdminDaoImplTest [AdminDaoImplTest.java:43] ss Admin{id=1, name='what??', pwd='123'}
2018-05-15 10:51:00,832 INFO [main] c.s.d.i.AdminDaoImplTest [AdminDaoImplTest.java:43] ss Admin{id=2, name='??', pwd='123456'}
2018-05-15 10:51:00,833 INFO [main] c.s.d.i.AdminDaoImplTest [AdminDaoImplTest.java:43] ss Admin{id=3, name='董洋', pwd='123456'}
2018-05-15 10:51:19,049 INFO [main] c.s.d.i.AdminDaoImplTest [AdminDaoImplTest.java:27] 删除的状态1
2018-05-15 10:51:27,871 INFO [main] c.s.d.i.AdminDaoImplTest [AdminDaoImplTest.java:21] 修改的状态:1
2018-05-15 20:20:59,534 ERROR [main] c.s.d.i.GoodsDaoImpl [GoodsDaoImpl.java:33] QueryRunner requires a DataSource to be invoked in this way, or a Connection should be passed in
java.sql.SQLException: QueryRunner requires a DataSource to be invoked in this way, or a Connection should be passed in
	at org.apache.commons.dbutils.AbstractQueryRunner.prepareConnection(AbstractQueryRunner.java:200)
	at org.apache.commons.dbutils.QueryRunner.update(QueryRunner.java:455)
	at com.store.dao.impl.GoodsDaoImpl.save(GoodsDaoImpl.java:23)
	at com.store.dao.impl.GoodsDaoImplTest.save(GoodsDaoImplTest.java:20)
	at sun.reflect.NativeMethodAccessorImpl.invoke0(Native Method)
	at sun.reflect.NativeMethodAccessorImpl.invoke(NativeMethodAccessorImpl.java:62)
	at sun.reflect.DelegatingMethodAccessorImpl.invoke(DelegatingMethodAccessorImpl.java:43)
	at java.lang.reflect.Method.invoke(Method.java:498)
	at org.junit.runners.model.FrameworkMethod$1.runReflectiveCall(FrameworkMethod.java:47)
	at org.junit.internal.runners.model.ReflectiveCallable.run(ReflectiveCallable.java:12)
	at org.junit.runners.model.FrameworkMethod.invokeExplosively(FrameworkMethod.java:44)
	at org.junit.internal.runners.statements.InvokeMethod.evaluate(InvokeMethod.java:17)
	at org.junit.runners.ParentRunner.runLeaf(ParentRunner.java:271)
	at org.junit.runners.BlockJUnit4ClassRunner.runChild(BlockJUnit4ClassRunner.java:70)
	at org.junit.runners.BlockJUnit4ClassRunner.runChild(BlockJUnit4ClassRunner.java:50)
	at org.junit.runners.ParentRunner$3.run(ParentRunner.java:238)
	at org.junit.runners.ParentRunner$1.schedule(ParentRunner.java:63)
	at org.junit.runners.ParentRunner.runChildren(ParentRunner.java:236)
	at org.junit.runners.ParentRunner.access$000(ParentRunner.java:53)
	at org.junit.runners.ParentRunner$2.evaluate(ParentRunner.java:229)
	at org.junit.runners.ParentRunner.run(ParentRunner.java:309)
	at org.junit.runner.JUnitCore.run(JUnitCore.java:160)
	at com.intellij.junit4.JUnit4IdeaTestRunner.startRunnerWithArgs(JUnit4IdeaTestRunner.java:68)
	at com.intellij.rt.execution.junit.IdeaTestRunner$Repeater.startRunnerWithArgs(IdeaTestRunner.java:47)
	at com.intellij.rt.execution.junit.JUnitStarter.prepareStreamsAndStart(JUnitStarter.java:242)
	at com.intellij.rt.execution.junit.JUnitStarter.main(JUnitStarter.java:70)
2018-05-15 20:20:59,544 INFO [main] c.s.d.i.GoodsDaoImplTest [GoodsDaoImplTest.java:21] show influence0
2018-05-15 20:22:53,708 ERROR [main] c.s.d.i.GoodsDaoImpl [GoodsDaoImpl.java:33] QueryRunner requires a DataSource to be invoked in this way, or a Connection should be passed in
java.sql.SQLException: QueryRunner requires a DataSource to be invoked in this way, or a Connection should be passed in
	at org.apache.commons.dbutils.AbstractQueryRunner.prepareConnection(AbstractQueryRunner.java:200)
	at org.apache.commons.dbutils.QueryRunner.update(QueryRunner.java:455)
	at com.store.dao.impl.GoodsDaoImpl.save(GoodsDaoImpl.java:23)
	at com.store.dao.impl.GoodsDaoImplTest.save(GoodsDaoImplTest.java:20)
	at sun.reflect.NativeMethodAccessorImpl.invoke0(Native Method)
	at sun.reflect.NativeMethodAccessorImpl.invoke(NativeMethodAccessorImpl.java:62)
	at sun.reflect.DelegatingMethodAccessorImpl.invoke(DelegatingMethodAccessorImpl.java:43)
	at java.lang.reflect.Method.invoke(Method.java:498)
	at org.junit.runners.model.FrameworkMethod$1.runReflectiveCall(FrameworkMethod.java:47)
	at org.junit.internal.runners.model.ReflectiveCallable.run(ReflectiveCallable.java:12)
	at org.junit.runners.model.FrameworkMethod.invokeExplosively(FrameworkMethod.java:44)
	at org.junit.internal.runners.statements.InvokeMethod.evaluate(InvokeMethod.java:17)
	at org.junit.runners.ParentRunner.runLeaf(ParentRunner.java:271)
	at org.junit.runners.BlockJUnit4ClassRunner.runChild(BlockJUnit4ClassRunner.java:70)
	at org.junit.runners.BlockJUnit4ClassRunner.runChild(BlockJUnit4ClassRunner.java:50)
	at org.junit.runners.ParentRunner$3.run(ParentRunner.java:238)
	at org.junit.runners.ParentRunner$1.schedule(ParentRunner.java:63)
	at org.junit.runners.ParentRunner.runChildren(ParentRunner.java:236)
	at org.junit.runners.ParentRunner.access$000(ParentRunner.java:53)
	at org.junit.runners.ParentRunner$2.evaluate(ParentRunner.java:229)
	at org.junit.runners.ParentRunner.run(ParentRunner.java:309)
	at org.junit.runner.JUnitCore.run(JUnitCore.java:160)
	at com.intellij.junit4.JUnit4IdeaTestRunner.startRunnerWithArgs(JUnit4IdeaTestRunner.java:68)
	at com.intellij.rt.execution.junit.IdeaTestRunner$Repeater.startRunnerWithArgs(IdeaTestRunner.java:47)
	at com.intellij.rt.execution.junit.JUnitStarter.prepareStreamsAndStart(JUnitStarter.java:242)
	at com.intellij.rt.execution.junit.JUnitStarter.main(JUnitStarter.java:70)
2018-05-15 20:22:53,722 INFO [main] c.s.d.i.GoodsDaoImplTest [GoodsDaoImplTest.java:21] show influence0
2018-05-15 20:23:55,045 INFO [main] c.s.d.i.GoodsDaoImplTest [GoodsDaoImplTest.java:21] show influence1
2018-05-15 20:24:51,131 INFO [main] c.s.d.i.GoodsDaoImplTest [GoodsDaoImplTest.java:40] Goods{id=1, tid=1, name='1', introduce='1', price=1.00, reducePrice=1.00, photo='1', inTime=2018-05-15 20:23:53.0, saleNumber='1', hit=0}
2018-05-15 20:27:39,548 INFO [main] c.s.d.i.GoodsDaoImplTest [GoodsDaoImplTest.java:21] show influence1
2018-05-15 20:31:32,260 INFO [main] c.s.d.i.GoodsDaoImplTest [GoodsDaoImplTest.java:22] show influence1
2018-05-15 20:31:51,925 ERROR [main] c.s.d.i.GoodsDaoImpl [GoodsDaoImpl.java:67] Wrong number of parameters: expected 10, was given 9 Query: update tb_goods set tid=?,name=?,introduce=?,price=?,reducePrice=?,photo=?,inTime=?,saleNumber=?,hit=? where id=? Parameters: [1, dy, 1, null, null, 1, 2018-05-15 20:23:53.0, 1, 0]
java.sql.SQLException: Wrong number of parameters: expected 10, was given 9 Query: update tb_goods set tid=?,name=?,introduce=?,price=?,reducePrice=?,photo=?,inTime=?,saleNumber=?,hit=? where id=? Parameters: [1, dy, 1, null, null, 1, 2018-05-15 20:23:53.0, 1, 0]
	at org.apache.commons.dbutils.AbstractQueryRunner.rethrow(AbstractQueryRunner.java:392)
	at org.apache.commons.dbutils.QueryRunner.update(QueryRunner.java:491)
	at org.apache.commons.dbutils.QueryRunner.update(QueryRunner.java:457)
	at com.store.dao.impl.GoodsDaoImpl.update(GoodsDaoImpl.java:57)
	at com.store.dao.impl.GoodsDaoImplTest.update(GoodsDaoImplTest.java:36)
	at sun.reflect.NativeMethodAccessorImpl.invoke0(Native Method)
	at sun.reflect.NativeMethodAccessorImpl.invoke(NativeMethodAccessorImpl.java:62)
	at sun.reflect.DelegatingMethodAccessorImpl.invoke(DelegatingMethodAccessorImpl.java:43)
	at java.lang.reflect.Method.invoke(Method.java:498)
	at org.junit.runners.model.FrameworkMethod$1.runReflectiveCall(FrameworkMethod.java:47)
	at org.junit.internal.runners.model.ReflectiveCallable.run(ReflectiveCallable.java:12)
	at org.junit.runners.model.FrameworkMethod.invokeExplosively(FrameworkMethod.java:44)
	at org.junit.internal.runners.statements.InvokeMethod.evaluate(InvokeMethod.java:17)
	at org.junit.runners.ParentRunner.runLeaf(ParentRunner.java:271)
	at org.junit.runners.BlockJUnit4ClassRunner.runChild(BlockJUnit4ClassRunner.java:70)
	at org.junit.runners.BlockJUnit4ClassRunner.runChild(BlockJUnit4ClassRunner.java:50)
	at org.junit.runners.ParentRunner$3.run(ParentRunner.java:238)
	at org.junit.runners.ParentRunner$1.schedule(ParentRunner.java:63)
	at org.junit.runners.ParentRunner.runChildren(ParentRunner.java:236)
	at org.junit.runners.ParentRunner.access$000(ParentRunner.java:53)
	at org.junit.runners.ParentRunner$2.evaluate(ParentRunner.java:229)
	at org.junit.runners.ParentRunner.run(ParentRunner.java:309)
	at org.junit.runner.JUnitCore.run(JUnitCore.java:160)
	at com.intellij.junit4.JUnit4IdeaTestRunner.startRunnerWithArgs(JUnit4IdeaTestRunner.java:68)
	at com.intellij.rt.execution.junit.IdeaTestRunner$Repeater.startRunnerWithArgs(IdeaTestRunner.java:47)
	at com.intellij.rt.execution.junit.JUnitStarter.prepareStreamsAndStart(JUnitStarter.java:242)
	at com.intellij.rt.execution.junit.JUnitStarter.main(JUnitStarter.java:70)
2018-05-15 20:31:51,934 INFO [main] c.s.d.i.GoodsDaoImplTest [GoodsDaoImplTest.java:37] zhuangtai 0
2018-05-15 20:33:12,586 ERROR [main] c.s.d.i.GoodsDaoImpl [GoodsDaoImpl.java:68] Wrong number of parameters: expected 10, was given 9 Query: update tb_goods set tid=?,name=?,introduce=?,price=?,reducePrice=?,photo=?,inTime=?,saleNumber=?,hit=? where id=? Parameters: [1, dy, 1, null, null, 1, 2018-05-15 20:23:53.0, 1, 0]
java.sql.SQLException: Wrong number of parameters: expected 10, was given 9 Query: update tb_goods set tid=?,name=?,introduce=?,price=?,reducePrice=?,photo=?,inTime=?,saleNumber=?,hit=? where id=? Parameters: [1, dy, 1, null, null, 1, 2018-05-15 20:23:53.0, 1, 0]
	at org.apache.commons.dbutils.AbstractQueryRunner.rethrow(AbstractQueryRunner.java:392)
	at org.apache.commons.dbutils.QueryRunner.update(QueryRunner.java:491)
	at org.apache.commons.dbutils.QueryRunner.update(QueryRunner.java:457)
	at com.store.dao.impl.GoodsDaoImpl.update(GoodsDaoImpl.java:58)
	at com.store.dao.impl.GoodsDaoImplTest.update(GoodsDaoImplTest.java:36)
	at sun.reflect.NativeMethodAccessorImpl.invoke0(Native Method)
	at sun.reflect.NativeMethodAccessorImpl.invoke(NativeMethodAccessorImpl.java:62)
	at sun.reflect.DelegatingMethodAccessorImpl.invoke(DelegatingMethodAccessorImpl.java:43)
	at java.lang.reflect.Method.invoke(Method.java:498)
	at org.junit.runners.model.FrameworkMethod$1.runReflectiveCall(FrameworkMethod.java:47)
	at org.junit.internal.runners.model.ReflectiveCallable.run(ReflectiveCallable.java:12)
	at org.junit.runners.model.FrameworkMethod.invokeExplosively(FrameworkMethod.java:44)
	at org.junit.internal.runners.statements.InvokeMethod.evaluate(InvokeMethod.java:17)
	at org.junit.runners.ParentRunner.runLeaf(ParentRunner.java:271)
	at org.junit.runners.BlockJUnit4ClassRunner.runChild(BlockJUnit4ClassRunner.java:70)
	at org.junit.runners.BlockJUnit4ClassRunner.runChild(BlockJUnit4ClassRunner.java:50)
	at org.junit.runners.ParentRunner$3.run(ParentRunner.java:238)
	at org.junit.runners.ParentRunner$1.schedule(ParentRunner.java:63)
	at org.junit.runners.ParentRunner.runChildren(ParentRunner.java:236)
	at org.junit.runners.ParentRunner.access$000(ParentRunner.java:53)
	at org.junit.runners.ParentRunner$2.evaluate(ParentRunner.java:229)
	at org.junit.runners.ParentRunner.run(ParentRunner.java:309)
	at org.junit.runner.JUnitCore.run(JUnitCore.java:160)
	at com.intellij.junit4.JUnit4IdeaTestRunner.startRunnerWithArgs(JUnit4IdeaTestRunner.java:68)
	at com.intellij.rt.execution.junit.IdeaTestRunner$Repeater.startRunnerWithArgs(IdeaTestRunner.java:47)
	at com.intellij.rt.execution.junit.JUnitStarter.prepareStreamsAndStart(JUnitStarter.java:242)
	at com.intellij.rt.execution.junit.JUnitStarter.main(JUnitStarter.java:70)
2018-05-15 20:33:12,601 INFO [main] c.s.d.i.GoodsDaoImplTest [GoodsDaoImplTest.java:37] zhuangtai 0
2018-05-15 20:33:50,122 INFO [main] c.s.d.i.GoodsDaoImplTest [GoodsDaoImplTest.java:51] Goods{id=1, tid=1, name='1', introduce='1', price=null, reducePrice=null, photo='1', inTime=2018-05-15 20:23:53.0, saleNumber='1', hit=0}
2018-05-15 20:35:09,185 INFO [main] c.s.d.i.GoodsDaoImplTest [GoodsDaoImplTest.java:51] Goods{id=1, tid=1, name='1', introduce='1', price=1.00, reducePrice=1.00, photo='1', inTime=2018-05-15 20:23:53.0, saleNumber='1', hit=0}
2018-05-15 20:35:53,653 ERROR [main] c.s.d.i.GoodsDaoImpl [GoodsDaoImpl.java:68] Wrong number of parameters: expected 10, was given 9 Query: update tb_goods set tid=?,name=?,introduce=?,price=?,reducePrice=?,photo=?,inTime=?,saleNumber=?,hit=? where id=? Parameters: [1, dy, 1, 1.00, 1.00, 1, 2018-05-15 20:23:53.0, 1, 0]
java.sql.SQLException: Wrong number of parameters: expected 10, was given 9 Query: update tb_goods set tid=?,name=?,introduce=?,price=?,reducePrice=?,photo=?,inTime=?,saleNumber=?,hit=? where id=? Parameters: [1, dy, 1, 1.00, 1.00, 1, 2018-05-15 20:23:53.0, 1, 0]
	at org.apache.commons.dbutils.AbstractQueryRunner.rethrow(AbstractQueryRunner.java:392)
	at org.apache.commons.dbutils.QueryRunner.update(QueryRunner.java:491)
	at org.apache.commons.dbutils.QueryRunner.update(QueryRunner.java:457)
	at com.store.dao.impl.GoodsDaoImpl.update(GoodsDaoImpl.java:58)
	at com.store.dao.impl.GoodsDaoImplTest.update(GoodsDaoImplTest.java:36)
	at sun.reflect.NativeMethodAccessorImpl.invoke0(Native Method)
	at sun.reflect.NativeMethodAccessorImpl.invoke(NativeMethodAccessorImpl.java:62)
	at sun.reflect.DelegatingMethodAccessorImpl.invoke(DelegatingMethodAccessorImpl.java:43)
	at java.lang.reflect.Method.invoke(Method.java:498)
	at org.junit.runners.model.FrameworkMethod$1.runReflectiveCall(FrameworkMethod.java:47)
	at org.junit.internal.runners.model.ReflectiveCallable.run(ReflectiveCallable.java:12)
	at org.junit.runners.model.FrameworkMethod.invokeExplosively(FrameworkMethod.java:44)
	at org.junit.internal.runners.statements.InvokeMethod.evaluate(InvokeMethod.java:17)
	at org.junit.runners.ParentRunner.runLeaf(ParentRunner.java:271)
	at org.junit.runners.BlockJUnit4ClassRunner.runChild(BlockJUnit4ClassRunner.java:70)
	at org.junit.runners.BlockJUnit4ClassRunner.runChild(BlockJUnit4ClassRunner.java:50)
	at org.junit.runners.ParentRunner$3.run(ParentRunner.java:238)
	at org.junit.runners.ParentRunner$1.schedule(ParentRunner.java:63)
	at org.junit.runners.ParentRunner.runChildren(ParentRunner.java:236)
	at org.junit.runners.ParentRunner.access$000(ParentRunner.java:53)
	at org.junit.runners.ParentRunner$2.evaluate(ParentRunner.java:229)
	at org.junit.runners.ParentRunner.run(ParentRunner.java:309)
	at org.junit.runner.JUnitCore.run(JUnitCore.java:160)
	at com.intellij.junit4.JUnit4IdeaTestRunner.startRunnerWithArgs(JUnit4IdeaTestRunner.java:68)
	at com.intellij.rt.execution.junit.IdeaTestRunner$Repeater.startRunnerWithArgs(IdeaTestRunner.java:47)
	at com.intellij.rt.execution.junit.JUnitStarter.prepareStreamsAndStart(JUnitStarter.java:242)
	at com.intellij.rt.execution.junit.JUnitStarter.main(JUnitStarter.java:70)
2018-05-15 20:35:53,660 INFO [main] c.s.d.i.GoodsDaoImplTest [GoodsDaoImplTest.java:37] zhuangtai 0
2018-05-15 20:36:34,851 ERROR [main] c.s.d.i.GoodsDaoImpl [GoodsDaoImpl.java:68] Wrong number of parameters: expected 10, was given 9 Query: update tb_goods set tid=?,name=?,introduce=?,price=?,reducePrice=?,photo=?,inTime=?,saleNumber=?,hit=? where id=? Parameters: [1, dys, 1, 1.00, 1.00, 1, 2018-05-15 20:23:53.0, 1, 0]
java.sql.SQLException: Wrong number of parameters: expected 10, was given 9 Query: update tb_goods set tid=?,name=?,introduce=?,price=?,reducePrice=?,photo=?,inTime=?,saleNumber=?,hit=? where id=? Parameters: [1, dys, 1, 1.00, 1.00, 1, 2018-05-15 20:23:53.0, 1, 0]
	at org.apache.commons.dbutils.AbstractQueryRunner.rethrow(AbstractQueryRunner.java:392)
	at org.apache.commons.dbutils.QueryRunner.update(QueryRunner.java:491)
	at org.apache.commons.dbutils.QueryRunner.update(QueryRunner.java:457)
	at com.store.dao.impl.GoodsDaoImpl.update(GoodsDaoImpl.java:58)
	at com.store.dao.impl.GoodsDaoImplTest.update(GoodsDaoImplTest.java:36)
	at sun.reflect.NativeMethodAccessorImpl.invoke0(Native Method)
	at sun.reflect.NativeMethodAccessorImpl.invoke(NativeMethodAccessorImpl.java:62)
	at sun.reflect.DelegatingMethodAccessorImpl.invoke(DelegatingMethodAccessorImpl.java:43)
	at java.lang.reflect.Method.invoke(Method.java:498)
	at org.junit.runners.model.FrameworkMethod$1.runReflectiveCall(FrameworkMethod.java:47)
	at org.junit.internal.runners.model.ReflectiveCallable.run(ReflectiveCallable.java:12)
	at org.junit.runners.model.FrameworkMethod.invokeExplosively(FrameworkMethod.java:44)
	at org.junit.internal.runners.statements.InvokeMethod.evaluate(InvokeMethod.java:17)
	at org.junit.runners.ParentRunner.runLeaf(ParentRunner.java:271)
	at org.junit.runners.BlockJUnit4ClassRunner.runChild(BlockJUnit4ClassRunner.java:70)
	at org.junit.runners.BlockJUnit4ClassRunner.runChild(BlockJUnit4ClassRunner.java:50)
	at org.junit.runners.ParentRunner$3.run(ParentRunner.java:238)
	at org.junit.runners.ParentRunner$1.schedule(ParentRunner.java:63)
	at org.junit.runners.ParentRunner.runChildren(ParentRunner.java:236)
	at org.junit.runners.ParentRunner.access$000(ParentRunner.java:53)
	at org.junit.runners.ParentRunner$2.evaluate(ParentRunner.java:229)
	at org.junit.runners.ParentRunner.run(ParentRunner.java:309)
	at org.junit.runner.JUnitCore.run(JUnitCore.java:160)
	at com.intellij.junit4.JUnit4IdeaTestRunner.startRunnerWithArgs(JUnit4IdeaTestRunner.java:68)
	at com.intellij.rt.execution.junit.IdeaTestRunner$Repeater.startRunnerWithArgs(IdeaTestRunner.java:47)
	at com.intellij.rt.execution.junit.JUnitStarter.prepareStreamsAndStart(JUnitStarter.java:242)
	at com.intellij.rt.execution.junit.JUnitStarter.main(JUnitStarter.java:70)
2018-05-15 20:36:34,867 INFO [main] c.s.d.i.GoodsDaoImplTest [GoodsDaoImplTest.java:37] zhuangtai 0
2018-05-15 20:38:50,236 INFO [main] c.s.d.i.GoodsDaoImplTest [GoodsDaoImplTest.java:37] zhuangtai 1
2018-05-15 20:39:19,970 INFO [main] c.s.d.i.GoodsDaoImplTest [GoodsDaoImplTest.java:44] Goods{id=1, tid=1, name='dys', introduce='1', price=1.00, reducePrice=1.00, photo='1', inTime=2018-05-15 20:23:53.0, saleNumber='1', hit=0}
2018-05-15 20:39:19,980 INFO [main] c.s.d.i.GoodsDaoImplTest [GoodsDaoImplTest.java:44] Goods{id=2, tid=1, name='1', introduce='1', price=1.00, reducePrice=1.00, photo='1', inTime=2018-05-15 20:27:37.0, saleNumber='1', hit=0}
2018-05-15 20:39:19,981 INFO [main] c.s.d.i.GoodsDaoImplTest [GoodsDaoImplTest.java:44] Goods{id=3, tid=1, name='1', introduce='1', price=1.00, reducePrice=1.00, photo='1', inTime=2018-05-15 20:31:31.0, saleNumber='1', hit=0}
2018-05-15 20:39:38,562 INFO [main] c.s.d.i.GoodsDaoImplTest [GoodsDaoImplTest.java:29] show influence0
2018-05-15 20:54:41,832 INFO [main] c.s.d.i.MessageDaoImplTest [MessageDaoImplTest.java:22] show 1
2018-05-15 20:55:02,054 INFO [main] c.s.d.i.MessageDaoImplTest [MessageDaoImplTest.java:22] show 1
2018-05-15 20:56:36,510 INFO [main] c.s.d.i.MessageDaoImplTest [MessageDaoImplTest.java:22] show 1
2018-05-15 20:56:46,506 ERROR [main] c.s.d.i.MessageDaoImpl [MessageDaoImpl.java:82] Wrong number of parameters: expected 1, was given 0 Query: select * from tb_message where id=? Parameters: []
java.sql.SQLException: Wrong number of parameters: expected 1, was given 0 Query: select * from tb_message where id=? Parameters: []
	at org.apache.commons.dbutils.AbstractQueryRunner.rethrow(AbstractQueryRunner.java:392)
	at org.apache.commons.dbutils.QueryRunner.query(QueryRunner.java:351)
	at org.apache.commons.dbutils.QueryRunner.query(QueryRunner.java:307)
	at com.store.dao.impl.MessageDaoImpl.queryById(MessageDaoImpl.java:80)
	at com.store.dao.impl.MessageDaoImplTest.update(MessageDaoImplTest.java:33)
	at sun.reflect.NativeMethodAccessorImpl.invoke0(Native Method)
	at sun.reflect.NativeMethodAccessorImpl.invoke(NativeMethodAccessorImpl.java:62)
	at sun.reflect.DelegatingMethodAccessorImpl.invoke(DelegatingMethodAccessorImpl.java:43)
	at java.lang.reflect.Method.invoke(Method.java:498)
	at org.junit.runners.model.FrameworkMethod$1.runReflectiveCall(FrameworkMethod.java:47)
	at org.junit.internal.runners.model.ReflectiveCallable.run(ReflectiveCallable.java:12)
	at org.junit.runners.model.FrameworkMethod.invokeExplosively(FrameworkMethod.java:44)
	at org.junit.internal.runners.statements.InvokeMethod.evaluate(InvokeMethod.java:17)
	at org.junit.runners.ParentRunner.runLeaf(ParentRunner.java:271)
	at org.junit.runners.BlockJUnit4ClassRunner.runChild(BlockJUnit4ClassRunner.java:70)
	at org.junit.runners.BlockJUnit4ClassRunner.runChild(BlockJUnit4ClassRunner.java:50)
	at org.junit.runners.ParentRunner$3.run(ParentRunner.java:238)
	at org.junit.runners.ParentRunner$1.schedule(ParentRunner.java:63)
	at org.junit.runners.ParentRunner.runChildren(ParentRunner.java:236)
	at org.junit.runners.ParentRunner.access$000(ParentRunner.java:53)
	at org.junit.runners.ParentRunner$2.evaluate(ParentRunner.java:229)
	at org.junit.runners.ParentRunner.run(ParentRunner.java:309)
	at org.junit.runner.JUnitCore.run(JUnitCore.java:160)
	at com.intellij.junit4.JUnit4IdeaTestRunner.startRunnerWithArgs(JUnit4IdeaTestRunner.java:68)
	at com.intellij.rt.execution.junit.IdeaTestRunner$Repeater.startRunnerWithArgs(IdeaTestRunner.java:47)
	at com.intellij.rt.execution.junit.JUnitStarter.prepareStreamsAndStart(JUnitStarter.java:242)
	at com.intellij.rt.execution.junit.JUnitStarter.main(JUnitStarter.java:70)
2018-05-15 20:57:25,014 ERROR [main] c.s.d.i.MessageDaoImpl [MessageDaoImpl.java:82] Wrong number of parameters: expected 1, was given 0 Query: select * from tb_message where id=? Parameters: []
java.sql.SQLException: Wrong number of parameters: expected 1, was given 0 Query: select * from tb_message where id=? Parameters: []
	at org.apache.commons.dbutils.AbstractQueryRunner.rethrow(AbstractQueryRunner.java:392)
	at org.apache.commons.dbutils.QueryRunner.query(QueryRunner.java:351)
	at org.apache.commons.dbutils.QueryRunner.query(QueryRunner.java:307)
	at com.store.dao.impl.MessageDaoImpl.queryById(MessageDaoImpl.java:80)
	at com.store.dao.impl.MessageDaoImplTest.queryById(MessageDaoImplTest.java:49)
	at sun.reflect.NativeMethodAccessorImpl.invoke0(Native Method)
	at sun.reflect.NativeMethodAccessorImpl.invoke(NativeMethodAccessorImpl.java:62)
	at sun.reflect.DelegatingMethodAccessorImpl.invoke(DelegatingMethodAccessorImpl.java:43)
	at java.lang.reflect.Method.invoke(Method.java:498)
	at org.junit.runners.model.FrameworkMethod$1.runReflectiveCall(FrameworkMethod.java:47)
	at org.junit.internal.runners.model.ReflectiveCallable.run(ReflectiveCallable.java:12)
	at org.junit.runners.model.FrameworkMethod.invokeExplosively(FrameworkMethod.java:44)
	at org.junit.internal.runners.statements.InvokeMethod.evaluate(InvokeMethod.java:17)
	at org.junit.runners.ParentRunner.runLeaf(ParentRunner.java:271)
	at org.junit.runners.BlockJUnit4ClassRunner.runChild(BlockJUnit4ClassRunner.java:70)
	at org.junit.runners.BlockJUnit4ClassRunner.runChild(BlockJUnit4ClassRunner.java:50)
	at org.junit.runners.ParentRunner$3.run(ParentRunner.java:238)
	at org.junit.runners.ParentRunner$1.schedule(ParentRunner.java:63)
	at org.junit.runners.ParentRunner.runChildren(ParentRunner.java:236)
	at org.junit.runners.ParentRunner.access$000(ParentRunner.java:53)
	at org.junit.runners.ParentRunner$2.evaluate(ParentRunner.java:229)
	at org.junit.runners.ParentRunner.run(ParentRunner.java:309)
	at org.junit.runner.JUnitCore.run(JUnitCore.java:160)
	at com.intellij.junit4.JUnit4IdeaTestRunner.startRunnerWithArgs(JUnit4IdeaTestRunner.java:68)
	at com.intellij.rt.execution.junit.IdeaTestRunner$Repeater.startRunnerWithArgs(IdeaTestRunner.java:47)
	at com.intellij.rt.execution.junit.JUnitStarter.prepareStreamsAndStart(JUnitStarter.java:242)
	at com.intellij.rt.execution.junit.JUnitStarter.main(JUnitStarter.java:70)
2018-05-15 20:57:25,020 INFO [main] c.s.d.i.MessageDaoImplTest [MessageDaoImplTest.java:50] null
2018-05-15 20:58:26,218 ERROR [main] c.s.d.i.MessageDaoImpl [MessageDaoImpl.java:82] Wrong number of parameters: expected 1, was given 0 Query: select * from tb_message where id=? Parameters: []
java.sql.SQLException: Wrong number of parameters: expected 1, was given 0 Query: select * from tb_message where id=? Parameters: []
	at org.apache.commons.dbutils.AbstractQueryRunner.rethrow(AbstractQueryRunner.java:392)
	at org.apache.commons.dbutils.QueryRunner.query(QueryRunner.java:351)
	at org.apache.commons.dbutils.QueryRunner.query(QueryRunner.java:307)
	at com.store.dao.impl.MessageDaoImpl.queryById(MessageDaoImpl.java:80)
	at com.store.dao.impl.MessageDaoImplTest.queryById(MessageDaoImplTest.java:49)
	at sun.reflect.NativeMethodAccessorImpl.invoke0(Native Method)
	at sun.reflect.NativeMethodAccessorImpl.invoke(NativeMethodAccessorImpl.java:62)
	at sun.reflect.DelegatingMethodAccessorImpl.invoke(DelegatingMethodAccessorImpl.java:43)
	at java.lang.reflect.Method.invoke(Method.java:498)
	at org.junit.runners.model.FrameworkMethod$1.runReflectiveCall(FrameworkMethod.java:47)
	at org.junit.internal.runners.model.ReflectiveCallable.run(ReflectiveCallable.java:12)
	at org.junit.runners.model.FrameworkMethod.invokeExplosively(FrameworkMethod.java:44)
	at org.junit.internal.runners.statements.InvokeMethod.evaluate(InvokeMethod.java:17)
	at org.junit.runners.ParentRunner.runLeaf(ParentRunner.java:271)
	at org.junit.runners.BlockJUnit4ClassRunner.runChild(BlockJUnit4ClassRunner.java:70)
	at org.junit.runners.BlockJUnit4ClassRunner.runChild(BlockJUnit4ClassRunner.java:50)
	at org.junit.runners.ParentRunner$3.run(ParentRunner.java:238)
	at org.junit.runners.ParentRunner$1.schedule(ParentRunner.java:63)
	at org.junit.runners.ParentRunner.runChildren(ParentRunner.java:236)
	at org.junit.runners.ParentRunner.access$000(ParentRunner.java:53)
	at org.junit.runners.ParentRunner$2.evaluate(ParentRunner.java:229)
	at org.junit.runners.ParentRunner.run(ParentRunner.java:309)
	at org.junit.runner.JUnitCore.run(JUnitCore.java:160)
	at com.intellij.junit4.JUnit4IdeaTestRunner.startRunnerWithArgs(JUnit4IdeaTestRunner.java:68)
	at com.intellij.rt.execution.junit.IdeaTestRunner$Repeater.startRunnerWithArgs(IdeaTestRunner.java:47)
	at com.intellij.rt.execution.junit.JUnitStarter.prepareStreamsAndStart(JUnitStarter.java:242)
	at com.intellij.rt.execution.junit.JUnitStarter.main(JUnitStarter.java:70)
2018-05-15 20:58:26,228 INFO [main] c.s.d.i.MessageDaoImplTest [MessageDaoImplTest.java:50] null
2018-05-15 21:00:55,927 INFO [main] c.s.d.i.MessageDaoImplTest [MessageDaoImplTest.java:50] Message{id=1, title='1', content='1', inTime=2018-05-15 20:54:40.0}
2018-05-15 21:01:16,130 INFO [main] c.s.d.i.MessageDaoImplTest [MessageDaoImplTest.java:43] Message{id=1, title='1', content='1', inTime=2018-05-15 20:54:40.0}
2018-05-15 21:01:16,142 INFO [main] c.s.d.i.MessageDaoImplTest [MessageDaoImplTest.java:43] Message{id=2, title='1', content='1', inTime=2018-05-15 20:55:00.0}
2018-05-15 21:01:16,144 INFO [main] c.s.d.i.MessageDaoImplTest [MessageDaoImplTest.java:43] Message{id=3, title='1', content='1', inTime=2018-05-15 20:56:35.0}
2018-05-15 21:01:35,468 INFO [main] c.s.d.i.MessageDaoImplTest [MessageDaoImplTest.java:36] show 1
2018-05-15 21:02:05,777 INFO [main] c.s.d.i.MessageDaoImplTest [MessageDaoImplTest.java:28] show 1
2018-05-15 21:35:26,201 INFO [main] c.s.d.i.OrderDaoImplTest [OrderDaoImplTest.java:23] 1
2018-05-15 21:35:36,467 INFO [main] c.s.d.i.OrderDaoImplTest [OrderDaoImplTest.java:29] 1
2018-05-15 21:35:47,361 INFO [main] c.s.d.i.OrderDaoImplTest [OrderDaoImplTest.java:29] 0
2018-05-15 21:35:59,993 INFO [main] c.s.d.i.OrderDaoImplTest [OrderDaoImplTest.java:51] null
2018-05-15 21:36:05,112 INFO [main] c.s.d.i.OrderDaoImplTest [OrderDaoImplTest.java:51] null
2018-05-15 21:37:21,258 INFO [main] c.s.d.i.OrderDaoImplTest [OrderDaoImplTest.java:23] 1
2018-05-15 21:37:46,390 INFO [main] c.s.d.i.OrderDaoImplTest [OrderDaoImplTest.java:23] 1
2018-05-15 21:37:55,569 INFO [main] c.s.d.i.OrderDaoImplTest [OrderDaoImplTest.java:23] 1
2018-05-15 21:38:26,664 INFO [main] c.s.d.i.OrderDaoImplTest [OrderDaoImplTest.java:51] null
2018-05-15 21:39:06,777 INFO [main] c.s.d.i.OrderDaoImplTest [OrderDaoImplTest.java:51] Order{id=2, memberId=1, customName='1', address='1', qq='1', telephone='1', payType='1', orderTime=2018-05-15 21:37:20.0, state=1, bz='1'}
2018-05-15 21:39:16,319 INFO [main] c.s.d.i.OrderDaoImplTest [OrderDaoImplTest.java:44] Order{id=2, memberId=1, customName='1', address='1', qq='1', telephone='1', payType='1', orderTime=2018-05-15 21:37:20.0, state=1, bz='1'}
2018-05-15 21:39:16,327 INFO [main] c.s.d.i.OrderDaoImplTest [OrderDaoImplTest.java:44] Order{id=3, memberId=1, customName='1', address='1', qq='1', telephone='1', payType='1', orderTime=2018-05-15 21:37:45.0, state=1, bz='1'}
2018-05-15 21:39:16,327 INFO [main] c.s.d.i.OrderDaoImplTest [OrderDaoImplTest.java:44] Order{id=4, memberId=1, customName='1', address='1', qq='1', telephone='1', payType='1', orderTime=2018-05-15 21:37:54.0, state=1, bz='1'}
2018-05-15 21:39:31,659 INFO [main] c.s.d.i.OrderDaoImplTest [OrderDaoImplTest.java:37] 1
2018-05-15 21:39:44,327 INFO [main] c.s.d.i.OrderDaoImplTest [OrderDaoImplTest.java:51] Order{id=2, memberId=1, customName='dy', address='1', qq='1', telephone='1', payType='1', orderTime=2018-05-15 21:37:20.0, state=1, bz='1'}
2018-05-15 21:40:04,317 INFO [main] c.s.d.i.OrderDaoImplTest [OrderDaoImplTest.java:29] 1
2018-05-16 14:58:40,111 INFO [main] c.s.d.i.Order_detailImplTest [Order_detailImplTest.java:22] 1
2018-05-16 14:58:47,621 INFO [main] c.s.d.i.Order_detailImplTest [Order_detailImplTest.java:22] 1
2018-05-16 14:58:54,939 INFO [main] c.s.d.i.Order_detailImplTest [Order_detailImplTest.java:22] 1
2018-05-16 14:59:05,016 INFO [main] c.s.d.i.Order_detailImplTest [Order_detailImplTest.java:29] 1
2018-05-16 14:59:31,534 ERROR [main] c.s.d.i.Order_detailImpl [Order_detailImpl.java:81] Wrong number of parameters: expected 1, was given 0 Query: select * from tb_order_detail where id=? Parameters: []
java.sql.SQLException: Wrong number of parameters: expected 1, was given 0 Query: select * from tb_order_detail where id=? Parameters: []
	at org.apache.commons.dbutils.AbstractQueryRunner.rethrow(AbstractQueryRunner.java:392)
	at org.apache.commons.dbutils.QueryRunner.query(QueryRunner.java:351)
	at org.apache.commons.dbutils.QueryRunner.query(QueryRunner.java:307)
	at com.store.dao.impl.Order_detailImpl.queryById(Order_detailImpl.java:79)
	at com.store.dao.impl.Order_detailImplTest.queryById(Order_detailImplTest.java:50)
	at sun.reflect.NativeMethodAccessorImpl.invoke0(Native Method)
	at sun.reflect.NativeMethodAccessorImpl.invoke(NativeMethodAccessorImpl.java:62)
	at sun.reflect.DelegatingMethodAccessorImpl.invoke(DelegatingMethodAccessorImpl.java:43)
	at java.lang.reflect.Method.invoke(Method.java:498)
	at org.junit.runners.model.FrameworkMethod$1.runReflectiveCall(FrameworkMethod.java:47)
	at org.junit.internal.runners.model.ReflectiveCallable.run(ReflectiveCallable.java:12)
	at org.junit.runners.model.FrameworkMethod.invokeExplosively(FrameworkMethod.java:44)
	at org.junit.internal.runners.statements.InvokeMethod.evaluate(InvokeMethod.java:17)
	at org.junit.runners.ParentRunner.runLeaf(ParentRunner.java:271)
	at org.junit.runners.BlockJUnit4ClassRunner.runChild(BlockJUnit4ClassRunner.java:70)
	at org.junit.runners.BlockJUnit4ClassRunner.runChild(BlockJUnit4ClassRunner.java:50)
	at org.junit.runners.ParentRunner$3.run(ParentRunner.java:238)
	at org.junit.runners.ParentRunner$1.schedule(ParentRunner.java:63)
	at org.junit.runners.ParentRunner.runChildren(ParentRunner.java:236)
	at org.junit.runners.ParentRunner.access$000(ParentRunner.java:53)
	at org.junit.runners.ParentRunner$2.evaluate(ParentRunner.java:229)
	at org.junit.runners.ParentRunner.run(ParentRunner.java:309)
	at org.junit.runner.JUnitCore.run(JUnitCore.java:160)
	at com.intellij.junit4.JUnit4IdeaTestRunner.startRunnerWithArgs(JUnit4IdeaTestRunner.java:68)
	at com.intellij.rt.execution.junit.IdeaTestRunner$Repeater.startRunnerWithArgs(IdeaTestRunner.java:47)
	at com.intellij.rt.execution.junit.JUnitStarter.prepareStreamsAndStart(JUnitStarter.java:242)
	at com.intellij.rt.execution.junit.JUnitStarter.main(JUnitStarter.java:70)
2018-05-16 14:59:31,539 INFO [main] c.s.d.i.Order_detailImplTest [Order_detailImplTest.java:51] null
2018-05-16 14:59:57,026 INFO [main] c.s.d.i.Order_detailImplTest [Order_detailImplTest.java:51] Order_Detail{id=2, orderId=1, goodsId=1, price=1.00, number=1}
2018-05-16 15:00:08,777 INFO [main] c.s.d.i.Order_detailImplTest [Order_detailImplTest.java:44] Order_Detail{id=2, orderId=1, goodsId=1, price=1.00, number=1}
2018-05-16 15:00:08,786 INFO [main] c.s.d.i.Order_detailImplTest [Order_detailImplTest.java:44] Order_Detail{id=3, orderId=1, goodsId=1, price=1.00, number=1}
2018-05-16 15:00:23,585 ERROR [main] c.s.d.i.Order_detailImpl [Order_detailImpl.java:57] Wrong number of parameters: expected 5, was given 4 Query: update tb_order_detail set orderId=?,goodsId=?,price=?,number=? where id=? Parameters: [222, 1, 1.00, 1]
java.sql.SQLException: Wrong number of parameters: expected 5, was given 4 Query: update tb_order_detail set orderId=?,goodsId=?,price=?,number=? where id=? Parameters: [222, 1, 1.00, 1]
	at org.apache.commons.dbutils.AbstractQueryRunner.rethrow(AbstractQueryRunner.java:392)
	at org.apache.commons.dbutils.QueryRunner.update(QueryRunner.java:491)
	at org.apache.commons.dbutils.QueryRunner.update(QueryRunner.java:457)
	at com.store.dao.impl.Order_detailImpl.update(Order_detailImpl.java:52)
	at com.store.dao.impl.Order_detailImplTest.update(Order_detailImplTest.java:36)
	at sun.reflect.NativeMethodAccessorImpl.invoke0(Native Method)
	at sun.reflect.NativeMethodAccessorImpl.invoke(NativeMethodAccessorImpl.java:62)
	at sun.reflect.DelegatingMethodAccessorImpl.invoke(DelegatingMethodAccessorImpl.java:43)
	at java.lang.reflect.Method.invoke(Method.java:498)
	at org.junit.runners.model.FrameworkMethod$1.runReflectiveCall(FrameworkMethod.java:47)
	at org.junit.internal.runners.model.ReflectiveCallable.run(ReflectiveCallable.java:12)
	at org.junit.runners.model.FrameworkMethod.invokeExplosively(FrameworkMethod.java:44)
	at org.junit.internal.runners.statements.InvokeMethod.evaluate(InvokeMethod.java:17)
	at org.junit.runners.ParentRunner.runLeaf(ParentRunner.java:271)
	at org.junit.runners.BlockJUnit4ClassRunner.runChild(BlockJUnit4ClassRunner.java:70)
	at org.junit.runners.BlockJUnit4ClassRunner.runChild(BlockJUnit4ClassRunner.java:50)
	at org.junit.runners.ParentRunner$3.run(ParentRunner.java:238)
	at org.junit.runners.ParentRunner$1.schedule(ParentRunner.java:63)
	at org.junit.runners.ParentRunner.runChildren(ParentRunner.java:236)
	at org.junit.runners.ParentRunner.access$000(ParentRunner.java:53)
	at org.junit.runners.ParentRunner$2.evaluate(ParentRunner.java:229)
	at org.junit.runners.ParentRunner.run(ParentRunner.java:309)
	at org.junit.runner.JUnitCore.run(JUnitCore.java:160)
	at com.intellij.junit4.JUnit4IdeaTestRunner.startRunnerWithArgs(JUnit4IdeaTestRunner.java:68)
	at com.intellij.rt.execution.junit.IdeaTestRunner$Repeater.startRunnerWithArgs(IdeaTestRunner.java:47)
	at com.intellij.rt.execution.junit.JUnitStarter.prepareStreamsAndStart(JUnitStarter.java:242)
	at com.intellij.rt.execution.junit.JUnitStarter.main(JUnitStarter.java:70)
2018-05-16 15:00:23,594 INFO [main] c.s.d.i.Order_detailImplTest [Order_detailImplTest.java:37] 0
2018-05-16 15:01:00,741 INFO [main] c.s.d.i.Order_detailImplTest [Order_detailImplTest.java:37] 1
2018-05-16 15:01:08,527 INFO [main] c.s.d.i.Order_detailImplTest [Order_detailImplTest.java:51] Order_Detail{id=2, orderId=222, goodsId=1, price=1.00, number=1}
2018-05-16 15:22:25,824 INFO [main] c.s.d.i.RebateDaoImplTest [RebateDaoImplTest.java:22] 1
2018-05-16 15:22:34,237 INFO [main] c.s.d.i.RebateDaoImplTest [RebateDaoImplTest.java:22] 1
2018-05-16 15:22:41,969 INFO [main] c.s.d.i.RebateDaoImplTest [RebateDaoImplTest.java:22] 1
2018-05-16 15:22:51,914 ERROR [main] c.s.d.i.RebateDaoImpl [RebateDaoImpl.java:78] Cannot set rebate: incompatible types, cannot convert java.lang.Float to java.math.BigDecimal Query: select * from tb_rebate where id=? Parameters: [1]
java.sql.SQLException: Cannot set rebate: incompatible types, cannot convert java.lang.Float to java.math.BigDecimal Query: select * from tb_rebate where id=? Parameters: [1]
	at org.apache.commons.dbutils.AbstractQueryRunner.rethrow(AbstractQueryRunner.java:392)
	at org.apache.commons.dbutils.QueryRunner.query(QueryRunner.java:351)
	at org.apache.commons.dbutils.QueryRunner.query(QueryRunner.java:289)
	at com.store.dao.impl.RebateDaoImpl.queryById(RebateDaoImpl.java:76)
	at com.store.dao.impl.RebateDaoImplTest.update(RebateDaoImplTest.java:33)
	at sun.reflect.NativeMethodAccessorImpl.invoke0(Native Method)
	at sun.reflect.NativeMethodAccessorImpl.invoke(NativeMethodAccessorImpl.java:62)
	at sun.reflect.DelegatingMethodAccessorImpl.invoke(DelegatingMethodAccessorImpl.java:43)
	at java.lang.reflect.Method.invoke(Method.java:498)
	at org.junit.runners.model.FrameworkMethod$1.runReflectiveCall(FrameworkMethod.java:47)
	at org.junit.internal.runners.model.ReflectiveCallable.run(ReflectiveCallable.java:12)
	at org.junit.runners.model.FrameworkMethod.invokeExplosively(FrameworkMethod.java:44)
	at org.junit.internal.runners.statements.InvokeMethod.evaluate(InvokeMethod.java:17)
	at org.junit.runners.ParentRunner.runLeaf(ParentRunner.java:271)
	at org.junit.runners.BlockJUnit4ClassRunner.runChild(BlockJUnit4ClassRunner.java:70)
	at org.junit.runners.BlockJUnit4ClassRunner.runChild(BlockJUnit4ClassRunner.java:50)
	at org.junit.runners.ParentRunner$3.run(ParentRunner.java:238)
	at org.junit.runners.ParentRunner$1.schedule(ParentRunner.java:63)
	at org.junit.runners.ParentRunner.runChildren(ParentRunner.java:236)
	at org.junit.runners.ParentRunner.access$000(ParentRunner.java:53)
	at org.junit.runners.ParentRunner$2.evaluate(ParentRunner.java:229)
	at org.junit.runners.ParentRunner.run(ParentRunner.java:309)
	at org.junit.runner.JUnitCore.run(JUnitCore.java:160)
	at com.intellij.junit4.JUnit4IdeaTestRunner.startRunnerWithArgs(JUnit4IdeaTestRunner.java:68)
	at com.intellij.rt.execution.junit.IdeaTestRunner$Repeater.startRunnerWithArgs(IdeaTestRunner.java:47)
	at com.intellij.rt.execution.junit.JUnitStarter.prepareStreamsAndStart(JUnitStarter.java:242)
	at com.intellij.rt.execution.junit.JUnitStarter.main(JUnitStarter.java:70)
2018-05-16 15:23:45,207 ERROR [main] c.s.d.i.RebateDaoImpl [RebateDaoImpl.java:78] Cannot set rebate: incompatible types, cannot convert java.lang.Float to java.math.BigDecimal Query: select * from tb_rebate where id=? Parameters: [1]
java.sql.SQLException: Cannot set rebate: incompatible types, cannot convert java.lang.Float to java.math.BigDecimal Query: select * from tb_rebate where id=? Parameters: [1]
	at org.apache.commons.dbutils.AbstractQueryRunner.rethrow(AbstractQueryRunner.java:392)
	at org.apache.commons.dbutils.QueryRunner.query(QueryRunner.java:351)
	at org.apache.commons.dbutils.QueryRunner.query(QueryRunner.java:289)
	at com.store.dao.impl.RebateDaoImpl.queryById(RebateDaoImpl.java:76)
	at com.store.dao.impl.RebateDaoImplTest.update(RebateDaoImplTest.java:33)
	at sun.reflect.NativeMethodAccessorImpl.invoke0(Native Method)
	at sun.reflect.NativeMethodAccessorImpl.invoke(NativeMethodAccessorImpl.java:62)
	at sun.reflect.DelegatingMethodAccessorImpl.invoke(DelegatingMethodAccessorImpl.java:43)
	at java.lang.reflect.Method.invoke(Method.java:498)
	at org.junit.runners.model.FrameworkMethod$1.runReflectiveCall(FrameworkMethod.java:47)
	at org.junit.internal.runners.model.ReflectiveCallable.run(ReflectiveCallable.java:12)
	at org.junit.runners.model.FrameworkMethod.invokeExplosively(FrameworkMethod.java:44)
	at org.junit.internal.runners.statements.InvokeMethod.evaluate(InvokeMethod.java:17)
	at org.junit.runners.ParentRunner.runLeaf(ParentRunner.java:271)
	at org.junit.runners.BlockJUnit4ClassRunner.runChild(BlockJUnit4ClassRunner.java:70)
	at org.junit.runners.BlockJUnit4ClassRunner.runChild(BlockJUnit4ClassRunner.java:50)
	at org.junit.runners.ParentRunner$3.run(ParentRunner.java:238)
	at org.junit.runners.ParentRunner$1.schedule(ParentRunner.java:63)
	at org.junit.runners.ParentRunner.runChildren(ParentRunner.java:236)
	at org.junit.runners.ParentRunner.access$000(ParentRunner.java:53)
	at org.junit.runners.ParentRunner$2.evaluate(ParentRunner.java:229)
	at org.junit.runners.ParentRunner.run(ParentRunner.java:309)
	at org.junit.runner.JUnitCore.run(JUnitCore.java:160)
	at com.intellij.junit4.JUnit4IdeaTestRunner.startRunnerWithArgs(JUnit4IdeaTestRunner.java:68)
	at com.intellij.rt.execution.junit.IdeaTestRunner$Repeater.startRunnerWithArgs(IdeaTestRunner.java:47)
	at com.intellij.rt.execution.junit.JUnitStarter.prepareStreamsAndStart(JUnitStarter.java:242)
	at com.intellij.rt.execution.junit.JUnitStarter.main(JUnitStarter.java:70)
2018-05-16 15:25:22,674 ERROR [main] c.s.d.i.RebateDaoImpl [RebateDaoImpl.java:78] Cannot set rebate: incompatible types, cannot convert java.lang.Double to java.math.BigDecimal Query: select * from tb_rebate where id=? Parameters: [1]
java.sql.SQLException: Cannot set rebate: incompatible types, cannot convert java.lang.Double to java.math.BigDecimal Query: select * from tb_rebate where id=? Parameters: [1]
	at org.apache.commons.dbutils.AbstractQueryRunner.rethrow(AbstractQueryRunner.java:392)
	at org.apache.commons.dbutils.QueryRunner.query(QueryRunner.java:351)
	at org.apache.commons.dbutils.QueryRunner.query(QueryRunner.java:289)
	at com.store.dao.impl.RebateDaoImpl.queryById(RebateDaoImpl.java:76)
	at com.store.dao.impl.RebateDaoImplTest.update(RebateDaoImplTest.java:33)
	at sun.reflect.NativeMethodAccessorImpl.invoke0(Native Method)
	at sun.reflect.NativeMethodAccessorImpl.invoke(NativeMethodAccessorImpl.java:62)
	at sun.reflect.DelegatingMethodAccessorImpl.invoke(DelegatingMethodAccessorImpl.java:43)
	at java.lang.reflect.Method.invoke(Method.java:498)
	at org.junit.runners.model.FrameworkMethod$1.runReflectiveCall(FrameworkMethod.java:47)
	at org.junit.internal.runners.model.ReflectiveCallable.run(ReflectiveCallable.java:12)
	at org.junit.runners.model.FrameworkMethod.invokeExplosively(FrameworkMethod.java:44)
	at org.junit.internal.runners.statements.InvokeMethod.evaluate(InvokeMethod.java:17)
	at org.junit.runners.ParentRunner.runLeaf(ParentRunner.java:271)
	at org.junit.runners.BlockJUnit4ClassRunner.runChild(BlockJUnit4ClassRunner.java:70)
	at org.junit.runners.BlockJUnit4ClassRunner.runChild(BlockJUnit4ClassRunner.java:50)
	at org.junit.runners.ParentRunner$3.run(ParentRunner.java:238)
	at org.junit.runners.ParentRunner$1.schedule(ParentRunner.java:63)
	at org.junit.runners.ParentRunner.runChildren(ParentRunner.java:236)
	at org.junit.runners.ParentRunner.access$000(ParentRunner.java:53)
	at org.junit.runners.ParentRunner$2.evaluate(ParentRunner.java:229)
	at org.junit.runners.ParentRunner.run(ParentRunner.java:309)
	at org.junit.runner.JUnitCore.run(JUnitCore.java:160)
	at com.intellij.junit4.JUnit4IdeaTestRunner.startRunnerWithArgs(JUnit4IdeaTestRunner.java:68)
	at com.intellij.rt.execution.junit.IdeaTestRunner$Repeater.startRunnerWithArgs(IdeaTestRunner.java:47)
	at com.intellij.rt.execution.junit.JUnitStarter.prepareStreamsAndStart(JUnitStarter.java:242)
	at com.intellij.rt.execution.junit.JUnitStarter.main(JUnitStarter.java:70)
2018-05-16 15:26:24,429 ERROR [main] c.s.d.i.RebateDaoImpl [RebateDaoImpl.java:78] Cannot set rebate: incompatible types, cannot convert java.lang.Double to java.math.BigDecimal Query: select * from tb_rebate where id=? Parameters: [1]
java.sql.SQLException: Cannot set rebate: incompatible types, cannot convert java.lang.Double to java.math.BigDecimal Query: select * from tb_rebate where id=? Parameters: [1]
	at org.apache.commons.dbutils.AbstractQueryRunner.rethrow(AbstractQueryRunner.java:392)
	at org.apache.commons.dbutils.QueryRunner.query(QueryRunner.java:351)
	at org.apache.commons.dbutils.QueryRunner.query(QueryRunner.java:289)
	at com.store.dao.impl.RebateDaoImpl.queryById(RebateDaoImpl.java:76)
	at com.store.dao.impl.RebateDaoImplTest.update(RebateDaoImplTest.java:33)
	at sun.reflect.NativeMethodAccessorImpl.invoke0(Native Method)
	at sun.reflect.NativeMethodAccessorImpl.invoke(NativeMethodAccessorImpl.java:62)
	at sun.reflect.DelegatingMethodAccessorImpl.invoke(DelegatingMethodAccessorImpl.java:43)
	at java.lang.reflect.Method.invoke(Method.java:498)
	at org.junit.runners.model.FrameworkMethod$1.runReflectiveCall(FrameworkMethod.java:47)
	at org.junit.internal.runners.model.ReflectiveCallable.run(ReflectiveCallable.java:12)
	at org.junit.runners.model.FrameworkMethod.invokeExplosively(FrameworkMethod.java:44)
	at org.junit.internal.runners.statements.InvokeMethod.evaluate(InvokeMethod.java:17)
	at org.junit.runners.ParentRunner.runLeaf(ParentRunner.java:271)
	at org.junit.runners.BlockJUnit4ClassRunner.runChild(BlockJUnit4ClassRunner.java:70)
	at org.junit.runners.BlockJUnit4ClassRunner.runChild(BlockJUnit4ClassRunner.java:50)
	at org.junit.runners.ParentRunner$3.run(ParentRunner.java:238)
	at org.junit.runners.ParentRunner$1.schedule(ParentRunner.java:63)
	at org.junit.runners.ParentRunner.runChildren(ParentRunner.java:236)
	at org.junit.runners.ParentRunner.access$000(ParentRunner.java:53)
	at org.junit.runners.ParentRunner$2.evaluate(ParentRunner.java:229)
	at org.junit.runners.ParentRunner.run(ParentRunner.java:309)
	at org.junit.runner.JUnitCore.run(JUnitCore.java:160)
	at com.intellij.junit4.JUnit4IdeaTestRunner.startRunnerWithArgs(JUnit4IdeaTestRunner.java:68)
	at com.intellij.rt.execution.junit.IdeaTestRunner$Repeater.startRunnerWithArgs(IdeaTestRunner.java:47)
	at com.intellij.rt.execution.junit.JUnitStarter.prepareStreamsAndStart(JUnitStarter.java:242)
	at com.intellij.rt.execution.junit.JUnitStarter.main(JUnitStarter.java:70)
2018-05-16 15:26:41,304 ERROR [main] c.s.d.i.RebateDaoImpl [RebateDaoImpl.java:78] Cannot set rebate: incompatible types, cannot convert java.lang.Double to java.math.BigDecimal Query: select * from tb_rebate where id=? Parameters: [1]
java.sql.SQLException: Cannot set rebate: incompatible types, cannot convert java.lang.Double to java.math.BigDecimal Query: select * from tb_rebate where id=? Parameters: [1]
	at org.apache.commons.dbutils.AbstractQueryRunner.rethrow(AbstractQueryRunner.java:392)
	at org.apache.commons.dbutils.QueryRunner.query(QueryRunner.java:351)
	at org.apache.commons.dbutils.QueryRunner.query(QueryRunner.java:289)
	at com.store.dao.impl.RebateDaoImpl.queryById(RebateDaoImpl.java:76)
	at com.store.dao.impl.RebateDaoImplTest.queryById(RebateDaoImplTest.java:49)
	at sun.reflect.NativeMethodAccessorImpl.invoke0(Native Method)
	at sun.reflect.NativeMethodAccessorImpl.invoke(NativeMethodAccessorImpl.java:62)
	at sun.reflect.DelegatingMethodAccessorImpl.invoke(DelegatingMethodAccessorImpl.java:43)
	at java.lang.reflect.Method.invoke(Method.java:498)
	at org.junit.runners.model.FrameworkMethod$1.runReflectiveCall(FrameworkMethod.java:47)
	at org.junit.internal.runners.model.ReflectiveCallable.run(ReflectiveCallable.java:12)
	at org.junit.runners.model.FrameworkMethod.invokeExplosively(FrameworkMethod.java:44)
	at org.junit.internal.runners.statements.InvokeMethod.evaluate(InvokeMethod.java:17)
	at org.junit.runners.ParentRunner.runLeaf(ParentRunner.java:271)
	at org.junit.runners.BlockJUnit4ClassRunner.runChild(BlockJUnit4ClassRunner.java:70)
	at org.junit.runners.BlockJUnit4ClassRunner.runChild(BlockJUnit4ClassRunner.java:50)
	at org.junit.runners.ParentRunner$3.run(ParentRunner.java:238)
	at org.junit.runners.ParentRunner$1.schedule(ParentRunner.java:63)
	at org.junit.runners.ParentRunner.runChildren(ParentRunner.java:236)
	at org.junit.runners.ParentRunner.access$000(ParentRunner.java:53)
	at org.junit.runners.ParentRunner$2.evaluate(ParentRunner.java:229)
	at org.junit.runners.ParentRunner.run(ParentRunner.java:309)
	at org.junit.runner.JUnitCore.run(JUnitCore.java:160)
	at com.intellij.junit4.JUnit4IdeaTestRunner.startRunnerWithArgs(JUnit4IdeaTestRunner.java:68)
	at com.intellij.rt.execution.junit.IdeaTestRunner$Repeater.startRunnerWithArgs(IdeaTestRunner.java:47)
	at com.intellij.rt.execution.junit.JUnitStarter.prepareStreamsAndStart(JUnitStarter.java:242)
	at com.intellij.rt.execution.junit.JUnitStarter.main(JUnitStarter.java:70)
2018-05-16 15:26:41,312 INFO [main] c.s.d.i.RebateDaoImplTest [RebateDaoImplTest.java:50] null
2018-05-16 15:28:04,645 INFO [main] c.s.d.i.RebateDaoImplTest [RebateDaoImplTest.java:50] Rebate{id=1, minScore=1, rebate=null}
2018-05-16 15:29:10,826 INFO [main] c.s.d.i.RebateDaoImplTest [RebateDaoImplTest.java:50] Rebate{id=1, minScore=1, rebate=1}
2018-05-16 15:30:13,389 INFO [main] c.s.d.i.RebateDaoImplTest [RebateDaoImplTest.java:50] Rebate{id=1, minScore=1, rebate=null}
2018-05-16 15:30:24,648 INFO [main] c.s.d.i.RebateDaoImplTest [RebateDaoImplTest.java:50] Rebate{id=1, minScore=1, rebate=null}
2018-05-16 15:32:03,499 INFO [main] c.s.d.i.RebateDaoImplTest [RebateDaoImplTest.java:50] Rebate{id=1, minScore=1, rebate=1}
2018-05-16 15:32:10,792 INFO [main] c.s.d.i.RebateDaoImplTest [RebateDaoImplTest.java:43] Rebate{id=1, minScore=1, rebate=1}
2018-05-16 15:32:10,800 INFO [main] c.s.d.i.RebateDaoImplTest [RebateDaoImplTest.java:43] Rebate{id=2, minScore=1, rebate=1}
2018-05-16 15:32:10,800 INFO [main] c.s.d.i.RebateDaoImplTest [RebateDaoImplTest.java:43] Rebate{id=3, minScore=1, rebate=1}
2018-05-16 15:32:20,502 ERROR [main] c.s.d.i.RebateDaoImpl [RebateDaoImpl.java:54] You have an error in your SQL syntax; check the manual that corresponds to your MySQL server version for the right syntax to use near 'from tb_rebate set minScore=2000,rebate=1.0 where id=1' at line 1 Query: update from tb_rebate set minScore=?,rebate=? where id=? Parameters: [2000, 1.0, 1]
java.sql.SQLException: You have an error in your SQL syntax; check the manual that corresponds to your MySQL server version for the right syntax to use near 'from tb_rebate set minScore=2000,rebate=1.0 where id=1' at line 1 Query: update from tb_rebate set minScore=?,rebate=? where id=? Parameters: [2000, 1.0, 1]
	at org.apache.commons.dbutils.AbstractQueryRunner.rethrow(AbstractQueryRunner.java:392)
	at org.apache.commons.dbutils.QueryRunner.update(QueryRunner.java:491)
	at org.apache.commons.dbutils.QueryRunner.update(QueryRunner.java:457)
	at com.store.dao.impl.RebateDaoImpl.update(RebateDaoImpl.java:50)
	at com.store.dao.impl.RebateDaoImplTest.update(RebateDaoImplTest.java:35)
	at sun.reflect.NativeMethodAccessorImpl.invoke0(Native Method)
	at sun.reflect.NativeMethodAccessorImpl.invoke(NativeMethodAccessorImpl.java:62)
	at sun.reflect.DelegatingMethodAccessorImpl.invoke(DelegatingMethodAccessorImpl.java:43)
	at java.lang.reflect.Method.invoke(Method.java:498)
	at org.junit.runners.model.FrameworkMethod$1.runReflectiveCall(FrameworkMethod.java:47)
	at org.junit.internal.runners.model.ReflectiveCallable.run(ReflectiveCallable.java:12)
	at org.junit.runners.model.FrameworkMethod.invokeExplosively(FrameworkMethod.java:44)
	at org.junit.internal.runners.statements.InvokeMethod.evaluate(InvokeMethod.java:17)
	at org.junit.runners.ParentRunner.runLeaf(ParentRunner.java:271)
	at org.junit.runners.BlockJUnit4ClassRunner.runChild(BlockJUnit4ClassRunner.java:70)
	at org.junit.runners.BlockJUnit4ClassRunner.runChild(BlockJUnit4ClassRunner.java:50)
	at org.junit.runners.ParentRunner$3.run(ParentRunner.java:238)
	at org.junit.runners.ParentRunner$1.schedule(ParentRunner.java:63)
	at org.junit.runners.ParentRunner.runChildren(ParentRunner.java:236)
	at org.junit.runners.ParentRunner.access$000(ParentRunner.java:53)
	at org.junit.runners.ParentRunner$2.evaluate(ParentRunner.java:229)
	at org.junit.runners.ParentRunner.run(ParentRunner.java:309)
	at org.junit.runner.JUnitCore.run(JUnitCore.java:160)
	at com.intellij.junit4.JUnit4IdeaTestRunner.startRunnerWithArgs(JUnit4IdeaTestRunner.java:68)
	at com.intellij.rt.execution.junit.IdeaTestRunner$Repeater.startRunnerWithArgs(IdeaTestRunner.java:47)
	at com.intellij.rt.execution.junit.JUnitStarter.prepareStreamsAndStart(JUnitStarter.java:242)
	at com.intellij.rt.execution.junit.JUnitStarter.main(JUnitStarter.java:70)
2018-05-16 15:32:20,508 INFO [main] c.s.d.i.RebateDaoImplTest [RebateDaoImplTest.java:36] 0
2018-05-16 15:32:50,503 INFO [main] c.s.d.i.RebateDaoImplTest [RebateDaoImplTest.java:36] 1
2018-05-16 15:32:59,038 INFO [main] c.s.d.i.RebateDaoImplTest [RebateDaoImplTest.java:50] Rebate{id=1, minScore=2000, rebate=1}
2018-05-16 15:33:08,082 INFO [main] c.s.d.i.RebateDaoImplTest [RebateDaoImplTest.java:28] 1
2018-05-16 15:33:18,109 INFO [main] c.s.d.i.RebateDaoImplTest [RebateDaoImplTest.java:50] null
2018-05-16 20:15:33,950 INFO [main] c.s.d.i.SubtypeDaoImplTest [SubtypeDaoImplTest.java:23] 1
2018-05-16 20:15:42,389 INFO [main] c.s.d.i.SubtypeDaoImplTest [SubtypeDaoImplTest.java:23] 1
2018-05-16 20:15:52,468 INFO [main] c.s.d.i.SubtypeDaoImplTest [SubtypeDaoImplTest.java:23] 1
2018-05-16 20:15:59,007 ERROR [main] c.s.d.i.SubtypeDaoImpl [SubtypeDaoImpl.java:77] Wrong number of parameters: expected 0, was given 1 Query: select * from tb_subtype where id Parameters: [1]
java.sql.SQLException: Wrong number of parameters: expected 0, was given 1 Query: select * from tb_subtype where id Parameters: [1]
	at org.apache.commons.dbutils.AbstractQueryRunner.rethrow(AbstractQueryRunner.java:392)
	at org.apache.commons.dbutils.QueryRunner.query(QueryRunner.java:351)
	at org.apache.commons.dbutils.QueryRunner.query(QueryRunner.java:289)
	at com.store.dao.impl.SubtypeDaoImpl.queryById(SubtypeDaoImpl.java:75)
	at com.store.dao.impl.SubtypeDaoImplTest.queryById(SubtypeDaoImplTest.java:51)
	at sun.reflect.NativeMethodAccessorImpl.invoke0(Native Method)
	at sun.reflect.NativeMethodAccessorImpl.invoke(NativeMethodAccessorImpl.java:62)
	at sun.reflect.DelegatingMethodAccessorImpl.invoke(DelegatingMethodAccessorImpl.java:43)
	at java.lang.reflect.Method.invoke(Method.java:498)
	at org.junit.runners.model.FrameworkMethod$1.runReflectiveCall(FrameworkMethod.java:47)
	at org.junit.internal.runners.model.ReflectiveCallable.run(ReflectiveCallable.java:12)
	at org.junit.runners.model.FrameworkMethod.invokeExplosively(FrameworkMethod.java:44)
	at org.junit.internal.runners.statements.InvokeMethod.evaluate(InvokeMethod.java:17)
	at org.junit.runners.ParentRunner.runLeaf(ParentRunner.java:271)
	at org.junit.runners.BlockJUnit4ClassRunner.runChild(BlockJUnit4ClassRunner.java:70)
	at org.junit.runners.BlockJUnit4ClassRunner.runChild(BlockJUnit4ClassRunner.java:50)
	at org.junit.runners.ParentRunner$3.run(ParentRunner.java:238)
	at org.junit.runners.ParentRunner$1.schedule(ParentRunner.java:63)
	at org.junit.runners.ParentRunner.runChildren(ParentRunner.java:236)
	at org.junit.runners.ParentRunner.access$000(ParentRunner.java:53)
	at org.junit.runners.ParentRunner$2.evaluate(ParentRunner.java:229)
	at org.junit.runners.ParentRunner.run(ParentRunner.java:309)
	at org.junit.runner.JUnitCore.run(JUnitCore.java:160)
	at com.intellij.junit4.JUnit4IdeaTestRunner.startRunnerWithArgs(JUnit4IdeaTestRunner.java:68)
	at com.intellij.rt.execution.junit.IdeaTestRunner$Repeater.startRunnerWithArgs(IdeaTestRunner.java:47)
	at com.intellij.rt.execution.junit.JUnitStarter.prepareStreamsAndStart(JUnitStarter.java:242)
	at com.intellij.rt.execution.junit.JUnitStarter.main(JUnitStarter.java:70)
2018-05-16 20:15:59,014 INFO [main] c.s.d.i.SubtypeDaoImplTest [SubtypeDaoImplTest.java:52] null
2018-05-16 20:16:56,071 INFO [main] c.s.d.i.SubtypeDaoImplTest [SubtypeDaoImplTest.java:52] Subtype{id=1, superType=1, typeName=1}
2018-05-16 20:17:03,396 INFO [main] c.s.d.i.SubtypeDaoImplTest [SubtypeDaoImplTest.java:44] Subtype{id=1, superType=1, typeName=1}
2018-05-16 20:17:03,402 INFO [main] c.s.d.i.SubtypeDaoImplTest [SubtypeDaoImplTest.java:44] Subtype{id=2, superType=1, typeName=1}
2018-05-16 20:17:03,403 INFO [main] c.s.d.i.SubtypeDaoImplTest [SubtypeDaoImplTest.java:44] Subtype{id=3, superType=1, typeName=1}
2018-05-16 20:17:11,300 INFO [main] c.s.d.i.SubtypeDaoImplTest [SubtypeDaoImplTest.java:37] 1
2018-05-16 20:17:22,137 INFO [main] c.s.d.i.SubtypeDaoImplTest [SubtypeDaoImplTest.java:52] Subtype{id=1, superType=222, typeName=1}
2018-05-16 20:17:41,310 INFO [main] c.s.d.i.SubtypeDaoImplTest [SubtypeDaoImplTest.java:29] 1
2018-05-16 20:31:42,594 INFO [main] c.s.d.i.SupertypeDaoImplTest [SupertypeDaoImplTest.java:22] 1
2018-05-16 20:31:50,396 INFO [main] c.s.d.i.SupertypeDaoImplTest [SupertypeDaoImplTest.java:28] 1
2018-05-16 20:32:31,476 INFO [main] c.s.d.i.SupertypeDaoImplTest [SupertypeDaoImplTest.java:22] 1
2018-05-16 20:32:38,778 INFO [main] c.s.d.i.SupertypeDaoImplTest [SupertypeDaoImplTest.java:22] 1
2018-05-16 20:32:45,805 INFO [main] c.s.d.i.SupertypeDaoImplTest [SupertypeDaoImplTest.java:50] null
2018-05-16 20:32:57,120 INFO [main] c.s.d.i.SupertypeDaoImplTest [SupertypeDaoImplTest.java:50] Supertype{id=2, typeName='1'}
2018-05-16 20:33:05,218 INFO [main] c.s.d.i.SupertypeDaoImplTest [SupertypeDaoImplTest.java:43] Supertype{id=2, typeName='1'}
2018-05-16 20:33:05,227 INFO [main] c.s.d.i.SupertypeDaoImplTest [SupertypeDaoImplTest.java:43] Supertype{id=3, typeName='1'}
2018-05-16 20:33:17,786 INFO [main] c.s.d.i.SupertypeDaoImplTest [SupertypeDaoImplTest.java:36] 1
2018-05-16 20:33:30,064 INFO [main] c.s.d.i.SupertypeDaoImplTest [SupertypeDaoImplTest.java:50] Supertype{id=2, typeName='222'}
2018-05-17 10:23:50,060 INFO [main] c.s.d.i.MemberDaoImplTest [MemberDaoImplTest.java:21] show influence 1
2018-05-18 09:07:49,841 INFO [main] c.s.d.i.SupertypeDaoImplTest [SupertypeDaoImplTest.java:65] 4
2018-05-18 09:08:02,804 INFO [main] c.s.d.i.SupertypeDaoImplTest [SupertypeDaoImplTest.java:23] 1
2018-05-18 09:08:10,545 INFO [main] c.s.d.i.SupertypeDaoImplTest [SupertypeDaoImplTest.java:65] 5
2018-05-18 09:08:17,559 INFO [main] c.s.d.i.SupertypeDaoImplTest [SupertypeDaoImplTest.java:58] Supertype{id=2, typeName='222'}
2018-05-18 09:08:17,566 INFO [main] c.s.d.i.SupertypeDaoImplTest [SupertypeDaoImplTest.java:58] Supertype{id=3, typeName='1'}
2018-05-18 09:08:17,567 INFO [main] c.s.d.i.SupertypeDaoImplTest [SupertypeDaoImplTest.java:58] Supertype{id=4, typeName='1'}
2018-05-18 09:08:17,567 INFO [main] c.s.d.i.SupertypeDaoImplTest [SupertypeDaoImplTest.java:58] Supertype{id=5, typeName='日用家电'}
2018-05-18 09:08:34,240 INFO [main] c.s.d.i.SupertypeDaoImplTest [SupertypeDaoImplTest.java:58] Supertype{id=6, typeName='1'}
2018-05-18 11:11:41,357 ERROR [main] c.s.d.i.SupertypeDaoImpl [SupertypeDaoImpl.java:40] You have an error in your SQL syntax; check the manual that corresponds to your MySQL server version for the right syntax to use near 's where s.id=2 and not exist(select b.id from tb_subtype b where b.supertype=s.i' at line 1 Query: delete from tb_supertype s where s.id=? and not exist(select b.id from tb_subtype b where b.supertype=s.id) Parameters: [2]
java.sql.SQLException: You have an error in your SQL syntax; check the manual that corresponds to your MySQL server version for the right syntax to use near 's where s.id=2 and not exist(select b.id from tb_subtype b where b.supertype=s.i' at line 1 Query: delete from tb_supertype s where s.id=? and not exist(select b.id from tb_subtype b where b.supertype=s.id) Parameters: [2]
	at org.apache.commons.dbutils.AbstractQueryRunner.rethrow(AbstractQueryRunner.java:392)
	at org.apache.commons.dbutils.QueryRunner.update(QueryRunner.java:491)
	at org.apache.commons.dbutils.QueryRunner.update(QueryRunner.java:439)
	at com.store.dao.impl.SupertypeDaoImpl.delete(SupertypeDaoImpl.java:38)
	at com.store.dao.impl.SupertypeDaoImplTest.delete(SupertypeDaoImplTest.java:28)
	at sun.reflect.NativeMethodAccessorImpl.invoke0(Native Method)
	at sun.reflect.NativeMethodAccessorImpl.invoke(NativeMethodAccessorImpl.java:62)
	at sun.reflect.DelegatingMethodAccessorImpl.invoke(DelegatingMethodAccessorImpl.java:43)
	at java.lang.reflect.Method.invoke(Method.java:498)
	at org.junit.runners.model.FrameworkMethod$1.runReflectiveCall(FrameworkMethod.java:47)
	at org.junit.internal.runners.model.ReflectiveCallable.run(ReflectiveCallable.java:12)
	at org.junit.runners.model.FrameworkMethod.invokeExplosively(FrameworkMethod.java:44)
	at org.junit.internal.runners.statements.InvokeMethod.evaluate(InvokeMethod.java:17)
	at org.junit.runners.ParentRunner.runLeaf(ParentRunner.java:271)
	at org.junit.runners.BlockJUnit4ClassRunner.runChild(BlockJUnit4ClassRunner.java:70)
	at org.junit.runners.BlockJUnit4ClassRunner.runChild(BlockJUnit4ClassRunner.java:50)
	at org.junit.runners.ParentRunner$3.run(ParentRunner.java:238)
	at org.junit.runners.ParentRunner$1.schedule(ParentRunner.java:63)
	at org.junit.runners.ParentRunner.runChildren(ParentRunner.java:236)
	at org.junit.runners.ParentRunner.access$000(ParentRunner.java:53)
	at org.junit.runners.ParentRunner$2.evaluate(ParentRunner.java:229)
	at org.junit.runners.ParentRunner.run(ParentRunner.java:309)
	at org.junit.runner.JUnitCore.run(JUnitCore.java:160)
	at com.intellij.junit4.JUnit4IdeaTestRunner.startRunnerWithArgs(JUnit4IdeaTestRunner.java:68)
	at com.intellij.rt.execution.junit.IdeaTestRunner$Repeater.startRunnerWithArgs(IdeaTestRunner.java:47)
	at com.intellij.rt.execution.junit.JUnitStarter.prepareStreamsAndStart(JUnitStarter.java:242)
	at com.intellij.rt.execution.junit.JUnitStarter.main(JUnitStarter.java:70)
2018-05-18 11:11:41,369 INFO [main] c.s.d.i.SupertypeDaoImplTest [SupertypeDaoImplTest.java:29] 0
2018-05-18 11:13:52,777 ERROR [main] c.s.d.i.SupertypeDaoImpl [SupertypeDaoImpl.java:40] You have an error in your SQL syntax; check the manual that corresponds to your MySQL server version for the right syntax to use near 's where s.id=2 and not exists(select b.id from tb_subtype b where b.supertype=s.' at line 1 Query: delete from tb_supertype s where s.id=? and not exists(select b.id from tb_subtype b where b.supertype=s.id) Parameters: [2]
java.sql.SQLException: You have an error in your SQL syntax; check the manual that corresponds to your MySQL server version for the right syntax to use near 's where s.id=2 and not exists(select b.id from tb_subtype b where b.supertype=s.' at line 1 Query: delete from tb_supertype s where s.id=? and not exists(select b.id from tb_subtype b where b.supertype=s.id) Parameters: [2]
	at org.apache.commons.dbutils.AbstractQueryRunner.rethrow(AbstractQueryRunner.java:392)
	at org.apache.commons.dbutils.QueryRunner.update(QueryRunner.java:491)
	at org.apache.commons.dbutils.QueryRunner.update(QueryRunner.java:439)
	at com.store.dao.impl.SupertypeDaoImpl.delete(SupertypeDaoImpl.java:38)
	at com.store.dao.impl.SupertypeDaoImplTest.delete(SupertypeDaoImplTest.java:28)
	at sun.reflect.NativeMethodAccessorImpl.invoke0(Native Method)
	at sun.reflect.NativeMethodAccessorImpl.invoke(NativeMethodAccessorImpl.java:62)
	at sun.reflect.DelegatingMethodAccessorImpl.invoke(DelegatingMethodAccessorImpl.java:43)
	at java.lang.reflect.Method.invoke(Method.java:498)
	at org.junit.runners.model.FrameworkMethod$1.runReflectiveCall(FrameworkMethod.java:47)
	at org.junit.internal.runners.model.ReflectiveCallable.run(ReflectiveCallable.java:12)
	at org.junit.runners.model.FrameworkMethod.invokeExplosively(FrameworkMethod.java:44)
	at org.junit.internal.runners.statements.InvokeMethod.evaluate(InvokeMethod.java:17)
	at org.junit.runners.ParentRunner.runLeaf(ParentRunner.java:271)
	at org.junit.runners.BlockJUnit4ClassRunner.runChild(BlockJUnit4ClassRunner.java:70)
	at org.junit.runners.BlockJUnit4ClassRunner.runChild(BlockJUnit4ClassRunner.java:50)
	at org.junit.runners.ParentRunner$3.run(ParentRunner.java:238)
	at org.junit.runners.ParentRunner$1.schedule(ParentRunner.java:63)
	at org.junit.runners.ParentRunner.runChildren(ParentRunner.java:236)
	at org.junit.runners.ParentRunner.access$000(ParentRunner.java:53)
	at org.junit.runners.ParentRunner$2.evaluate(ParentRunner.java:229)
	at org.junit.runners.ParentRunner.run(ParentRunner.java:309)
	at org.junit.runner.JUnitCore.run(JUnitCore.java:160)
	at com.intellij.junit4.JUnit4IdeaTestRunner.startRunnerWithArgs(JUnit4IdeaTestRunner.java:68)
	at com.intellij.rt.execution.junit.IdeaTestRunner$Repeater.startRunnerWithArgs(IdeaTestRunner.java:47)
	at com.intellij.rt.execution.junit.JUnitStarter.prepareStreamsAndStart(JUnitStarter.java:242)
	at com.intellij.rt.execution.junit.JUnitStarter.main(JUnitStarter.java:70)
2018-05-18 11:13:52,796 INFO [main] c.s.d.i.SupertypeDaoImplTest [SupertypeDaoImplTest.java:29] 0
2018-05-18 11:29:26,130 ERROR [main] c.s.d.i.SupertypeDaoImpl [SupertypeDaoImpl.java:40] Wrong number of parameters: expected 2, was given 1 Query: delete from tb_supertype where id=? and not exists(select supertype from tb_subtype where supertype=?) Parameters: [2]
java.sql.SQLException: Wrong number of parameters: expected 2, was given 1 Query: delete from tb_supertype where id=? and not exists(select supertype from tb_subtype where supertype=?) Parameters: [2]
	at org.apache.commons.dbutils.AbstractQueryRunner.rethrow(AbstractQueryRunner.java:392)
	at org.apache.commons.dbutils.QueryRunner.update(QueryRunner.java:491)
	at org.apache.commons.dbutils.QueryRunner.update(QueryRunner.java:439)
	at com.store.dao.impl.SupertypeDaoImpl.delete(SupertypeDaoImpl.java:38)
	at com.store.dao.impl.SupertypeDaoImplTest.delete(SupertypeDaoImplTest.java:28)
	at sun.reflect.NativeMethodAccessorImpl.invoke0(Native Method)
	at sun.reflect.NativeMethodAccessorImpl.invoke(NativeMethodAccessorImpl.java:62)
	at sun.reflect.DelegatingMethodAccessorImpl.invoke(DelegatingMethodAccessorImpl.java:43)
	at java.lang.reflect.Method.invoke(Method.java:498)
	at org.junit.runners.model.FrameworkMethod$1.runReflectiveCall(FrameworkMethod.java:47)
	at org.junit.internal.runners.model.ReflectiveCallable.run(ReflectiveCallable.java:12)
	at org.junit.runners.model.FrameworkMethod.invokeExplosively(FrameworkMethod.java:44)
	at org.junit.internal.runners.statements.InvokeMethod.evaluate(InvokeMethod.java:17)
	at org.junit.runners.ParentRunner.runLeaf(ParentRunner.java:271)
	at org.junit.runners.BlockJUnit4ClassRunner.runChild(BlockJUnit4ClassRunner.java:70)
	at org.junit.runners.BlockJUnit4ClassRunner.runChild(BlockJUnit4ClassRunner.java:50)
	at org.junit.runners.ParentRunner$3.run(ParentRunner.java:238)
	at org.junit.runners.ParentRunner$1.schedule(ParentRunner.java:63)
	at org.junit.runners.ParentRunner.runChildren(ParentRunner.java:236)
	at org.junit.runners.ParentRunner.access$000(ParentRunner.java:53)
	at org.junit.runners.ParentRunner$2.evaluate(ParentRunner.java:229)
	at org.junit.runners.ParentRunner.run(ParentRunner.java:309)
	at org.junit.runner.JUnitCore.run(JUnitCore.java:160)
	at com.intellij.junit4.JUnit4IdeaTestRunner.startRunnerWithArgs(JUnit4IdeaTestRunner.java:68)
	at com.intellij.rt.execution.junit.IdeaTestRunner$Repeater.startRunnerWithArgs(IdeaTestRunner.java:47)
	at com.intellij.rt.execution.junit.JUnitStarter.prepareStreamsAndStart(JUnitStarter.java:242)
	at com.intellij.rt.execution.junit.JUnitStarter.main(JUnitStarter.java:70)
2018-05-18 11:29:26,137 INFO [main] c.s.d.i.SupertypeDaoImplTest [SupertypeDaoImplTest.java:29] 0
2018-05-18 11:29:43,339 INFO [main] c.s.d.i.SupertypeDaoImplTest [SupertypeDaoImplTest.java:29] 0
2018-05-18 11:30:08,145 INFO [main] c.s.d.i.SupertypeDaoImplTest [SupertypeDaoImplTest.java:29] 0
2018-05-18 11:30:39,403 INFO [main] c.s.d.i.SupertypeDaoImplTest [SupertypeDaoImplTest.java:29] 1
2018-05-19 12:26:00,381 INFO [main] c.s.d.i.GoodsDaoImplTest [GoodsDaoImplTest.java:51] {tid=4, name=c, introduce=啊啊啊, price=23.00, reducePrice=0.00, photo=1.jpg, inTime=2018-05-18 21:14:54.0, saleNumber=0, hit=false, id=4, superType=4, typeName=e}
2018-05-19 12:26:00,388 INFO [main] c.s.d.i.GoodsDaoImplTest [GoodsDaoImplTest.java:51] {tid=4, name=董洋, introduce=abc, price=12.00, reducePrice=0.00, photo=3.jpg, inTime=2018-05-19 12:21:00.0, saleNumber=0, hit=false, id=4, superType=4, typeName=e}
2018-05-19 12:26:00,388 INFO [main] c.s.d.i.GoodsDaoImplTest [GoodsDaoImplTest.java:51] {tid=5, name=董洋, introduce=abc, price=12.00, reducePrice=0.00, photo=4.jpg, inTime=2018-05-18 21:11:40.0, saleNumber=null, hit=null, id=5, superType=4, typeName=sm}
2018-05-19 14:27:17,048 ERROR [main] c.s.d.i.OrderDaoImpl [OrderDaoImpl.java:100] Unknown column 'd.orderIid' in 'on clause' Query: select o.id oid,d.number,o.customName,o.payType,d.price,o.orderTime,o.state  from tb_order o inner join tb_order_detail d on o.id=d.orderIid inner join tb_goods g on g.id=d.goodsId  limit ?,? Parameters: [0, 4]
java.sql.SQLException: Unknown column 'd.orderIid' in 'on clause' Query: select o.id oid,d.number,o.customName,o.payType,d.price,o.orderTime,o.state  from tb_order o inner join tb_order_detail d on o.id=d.orderIid inner join tb_goods g on g.id=d.goodsId  limit ?,? Parameters: [0, 4]
	at org.apache.commons.dbutils.AbstractQueryRunner.rethrow(AbstractQueryRunner.java:392)
	at org.apache.commons.dbutils.QueryRunner.query(QueryRunner.java:351)
	at org.apache.commons.dbutils.QueryRunner.query(QueryRunner.java:289)
	at com.store.dao.impl.OrderDaoImpl.queryAll(OrderDaoImpl.java:97)
	at com.store.dao.impl.OrderDaoImplTest.queryAll2(OrderDaoImplTest.java:51)
	at sun.reflect.NativeMethodAccessorImpl.invoke0(Native Method)
	at sun.reflect.NativeMethodAccessorImpl.invoke(NativeMethodAccessorImpl.java:62)
	at sun.reflect.DelegatingMethodAccessorImpl.invoke(DelegatingMethodAccessorImpl.java:43)
	at java.lang.reflect.Method.invoke(Method.java:498)
	at org.junit.runners.model.FrameworkMethod$1.runReflectiveCall(FrameworkMethod.java:47)
	at org.junit.internal.runners.model.ReflectiveCallable.run(ReflectiveCallable.java:12)
	at org.junit.runners.model.FrameworkMethod.invokeExplosively(FrameworkMethod.java:44)
	at org.junit.internal.runners.statements.InvokeMethod.evaluate(InvokeMethod.java:17)
	at org.junit.runners.ParentRunner.runLeaf(ParentRunner.java:271)
	at org.junit.runners.BlockJUnit4ClassRunner.runChild(BlockJUnit4ClassRunner.java:70)
	at org.junit.runners.BlockJUnit4ClassRunner.runChild(BlockJUnit4ClassRunner.java:50)
	at org.junit.runners.ParentRunner$3.run(ParentRunner.java:238)
	at org.junit.runners.ParentRunner$1.schedule(ParentRunner.java:63)
	at org.junit.runners.ParentRunner.runChildren(ParentRunner.java:236)
	at org.junit.runners.ParentRunner.access$000(ParentRunner.java:53)
	at org.junit.runners.ParentRunner$2.evaluate(ParentRunner.java:229)
	at org.junit.runners.ParentRunner.run(ParentRunner.java:309)
	at org.junit.runner.JUnitCore.run(JUnitCore.java:160)
	at com.intellij.junit4.JUnit4IdeaTestRunner.startRunnerWithArgs(JUnit4IdeaTestRunner.java:68)
	at com.intellij.rt.execution.junit.IdeaTestRunner$Repeater.startRunnerWithArgs(IdeaTestRunner.java:47)
	at com.intellij.rt.execution.junit.JUnitStarter.prepareStreamsAndStart(JUnitStarter.java:242)
	at com.intellij.rt.execution.junit.JUnitStarter.main(JUnitStarter.java:70)
2018-05-19 14:37:44,065 ERROR [main] c.s.d.i.OrderDaoImpl [OrderDaoImpl.java:100] Wrong number of parameters: expected 0, was given 2 Query: select o.id oid,d.number,o.customName,g.name,o.payType,d.price,o.orderTime,o.state  from tb_order_detail dinner join tb_order o on o.id=d.orderIdinner join tb_goods g on g.id=d.goodsId  limit 0,4 Parameters: [0, 4]
java.sql.SQLException: Wrong number of parameters: expected 0, was given 2 Query: select o.id oid,d.number,o.customName,g.name,o.payType,d.price,o.orderTime,o.state  from tb_order_detail dinner join tb_order o on o.id=d.orderIdinner join tb_goods g on g.id=d.goodsId  limit 0,4 Parameters: [0, 4]
	at org.apache.commons.dbutils.AbstractQueryRunner.rethrow(AbstractQueryRunner.java:392)
	at org.apache.commons.dbutils.QueryRunner.query(QueryRunner.java:351)
	at org.apache.commons.dbutils.QueryRunner.query(QueryRunner.java:289)
	at com.store.dao.impl.OrderDaoImpl.queryAll(OrderDaoImpl.java:97)
	at com.store.dao.impl.OrderDaoImplTest.queryAll2(OrderDaoImplTest.java:51)
	at sun.reflect.NativeMethodAccessorImpl.invoke0(Native Method)
	at sun.reflect.NativeMethodAccessorImpl.invoke(NativeMethodAccessorImpl.java:62)
	at sun.reflect.DelegatingMethodAccessorImpl.invoke(DelegatingMethodAccessorImpl.java:43)
	at java.lang.reflect.Method.invoke(Method.java:498)
	at org.junit.runners.model.FrameworkMethod$1.runReflectiveCall(FrameworkMethod.java:47)
	at org.junit.internal.runners.model.ReflectiveCallable.run(ReflectiveCallable.java:12)
	at org.junit.runners.model.FrameworkMethod.invokeExplosively(FrameworkMethod.java:44)
	at org.junit.internal.runners.statements.InvokeMethod.evaluate(InvokeMethod.java:17)
	at org.junit.runners.ParentRunner.runLeaf(ParentRunner.java:271)
	at org.junit.runners.BlockJUnit4ClassRunner.runChild(BlockJUnit4ClassRunner.java:70)
	at org.junit.runners.BlockJUnit4ClassRunner.runChild(BlockJUnit4ClassRunner.java:50)
	at org.junit.runners.ParentRunner$3.run(ParentRunner.java:238)
	at org.junit.runners.ParentRunner$1.schedule(ParentRunner.java:63)
	at org.junit.runners.ParentRunner.runChildren(ParentRunner.java:236)
	at org.junit.runners.ParentRunner.access$000(ParentRunner.java:53)
	at org.junit.runners.ParentRunner$2.evaluate(ParentRunner.java:229)
	at org.junit.runners.ParentRunner.run(ParentRunner.java:309)
	at org.junit.runner.JUnitCore.run(JUnitCore.java:160)
	at com.intellij.junit4.JUnit4IdeaTestRunner.startRunnerWithArgs(JUnit4IdeaTestRunner.java:68)
	at com.intellij.rt.execution.junit.IdeaTestRunner$Repeater.startRunnerWithArgs(IdeaTestRunner.java:47)
	at com.intellij.rt.execution.junit.JUnitStarter.prepareStreamsAndStart(JUnitStarter.java:242)
	at com.intellij.rt.execution.junit.JUnitStarter.main(JUnitStarter.java:70)
2018-05-19 14:38:12,974 ERROR [main] c.s.d.i.OrderDaoImpl [OrderDaoImpl.java:100] Unknown column 'd.number' in 'field list' Query: select o.id oid,d.number,o.customName,g.name,o.payType,d.price,o.orderTime,o.state  from tb_order_detail dinner join tb_order o on o.id=d.orderIdinner join tb_goods g on g.id=d.goodsId  limit ?,? Parameters: [0, 4]
java.sql.SQLException: Unknown column 'd.number' in 'field list' Query: select o.id oid,d.number,o.customName,g.name,o.payType,d.price,o.orderTime,o.state  from tb_order_detail dinner join tb_order o on o.id=d.orderIdinner join tb_goods g on g.id=d.goodsId  limit ?,? Parameters: [0, 4]
	at org.apache.commons.dbutils.AbstractQueryRunner.rethrow(AbstractQueryRunner.java:392)
	at org.apache.commons.dbutils.QueryRunner.query(QueryRunner.java:351)
	at org.apache.commons.dbutils.QueryRunner.query(QueryRunner.java:289)
	at com.store.dao.impl.OrderDaoImpl.queryAll(OrderDaoImpl.java:97)
	at com.store.dao.impl.OrderDaoImplTest.queryAll2(OrderDaoImplTest.java:51)
	at sun.reflect.NativeMethodAccessorImpl.invoke0(Native Method)
	at sun.reflect.NativeMethodAccessorImpl.invoke(NativeMethodAccessorImpl.java:62)
	at sun.reflect.DelegatingMethodAccessorImpl.invoke(DelegatingMethodAccessorImpl.java:43)
	at java.lang.reflect.Method.invoke(Method.java:498)
	at org.junit.runners.model.FrameworkMethod$1.runReflectiveCall(FrameworkMethod.java:47)
	at org.junit.internal.runners.model.ReflectiveCallable.run(ReflectiveCallable.java:12)
	at org.junit.runners.model.FrameworkMethod.invokeExplosively(FrameworkMethod.java:44)
	at org.junit.internal.runners.statements.InvokeMethod.evaluate(InvokeMethod.java:17)
	at org.junit.runners.ParentRunner.runLeaf(ParentRunner.java:271)
	at org.junit.runners.BlockJUnit4ClassRunner.runChild(BlockJUnit4ClassRunner.java:70)
	at org.junit.runners.BlockJUnit4ClassRunner.runChild(BlockJUnit4ClassRunner.java:50)
	at org.junit.runners.ParentRunner$3.run(ParentRunner.java:238)
	at org.junit.runners.ParentRunner$1.schedule(ParentRunner.java:63)
	at org.junit.runners.ParentRunner.runChildren(ParentRunner.java:236)
	at org.junit.runners.ParentRunner.access$000(ParentRunner.java:53)
	at org.junit.runners.ParentRunner$2.evaluate(ParentRunner.java:229)
	at org.junit.runners.ParentRunner.run(ParentRunner.java:309)
	at org.junit.runner.JUnitCore.run(JUnitCore.java:160)
	at com.intellij.junit4.JUnit4IdeaTestRunner.startRunnerWithArgs(JUnit4IdeaTestRunner.java:68)
	at com.intellij.rt.execution.junit.IdeaTestRunner$Repeater.startRunnerWithArgs(IdeaTestRunner.java:47)
	at com.intellij.rt.execution.junit.JUnitStarter.prepareStreamsAndStart(JUnitStarter.java:242)
	at com.intellij.rt.execution.junit.JUnitStarter.main(JUnitStarter.java:70)
2018-05-19 14:39:28,541 ERROR [main] c.s.d.i.OrderDaoImpl [OrderDaoImpl.java:100] Unknown column 'd.number' in 'field list' Query: select o.id oid,d.number dnumber,o.customName ocustomName,g.name gname,o.payType opayType,d.price dprice,o.orderTime oorderTime,o.state ostate from tb_order_detail dinner join tb_order o on o.id=d.orderIdinner join tb_goods g on g.id=d.goodsId  limit ?,? Parameters: [0, 4]
java.sql.SQLException: Unknown column 'd.number' in 'field list' Query: select o.id oid,d.number dnumber,o.customName ocustomName,g.name gname,o.payType opayType,d.price dprice,o.orderTime oorderTime,o.state ostate from tb_order_detail dinner join tb_order o on o.id=d.orderIdinner join tb_goods g on g.id=d.goodsId  limit ?,? Parameters: [0, 4]
	at org.apache.commons.dbutils.AbstractQueryRunner.rethrow(AbstractQueryRunner.java:392)
	at org.apache.commons.dbutils.QueryRunner.query(QueryRunner.java:351)
	at org.apache.commons.dbutils.QueryRunner.query(QueryRunner.java:289)
	at com.store.dao.impl.OrderDaoImpl.queryAll(OrderDaoImpl.java:97)
	at com.store.dao.impl.OrderDaoImplTest.queryAll2(OrderDaoImplTest.java:51)
	at sun.reflect.NativeMethodAccessorImpl.invoke0(Native Method)
	at sun.reflect.NativeMethodAccessorImpl.invoke(NativeMethodAccessorImpl.java:62)
	at sun.reflect.DelegatingMethodAccessorImpl.invoke(DelegatingMethodAccessorImpl.java:43)
	at java.lang.reflect.Method.invoke(Method.java:498)
	at org.junit.runners.model.FrameworkMethod$1.runReflectiveCall(FrameworkMethod.java:47)
	at org.junit.internal.runners.model.ReflectiveCallable.run(ReflectiveCallable.java:12)
	at org.junit.runners.model.FrameworkMethod.invokeExplosively(FrameworkMethod.java:44)
	at org.junit.internal.runners.statements.InvokeMethod.evaluate(InvokeMethod.java:17)
	at org.junit.runners.ParentRunner.runLeaf(ParentRunner.java:271)
	at org.junit.runners.BlockJUnit4ClassRunner.runChild(BlockJUnit4ClassRunner.java:70)
	at org.junit.runners.BlockJUnit4ClassRunner.runChild(BlockJUnit4ClassRunner.java:50)
	at org.junit.runners.ParentRunner$3.run(ParentRunner.java:238)
	at org.junit.runners.ParentRunner$1.schedule(ParentRunner.java:63)
	at org.junit.runners.ParentRunner.runChildren(ParentRunner.java:236)
	at org.junit.runners.ParentRunner.access$000(ParentRunner.java:53)
	at org.junit.runners.ParentRunner$2.evaluate(ParentRunner.java:229)
	at org.junit.runners.ParentRunner.run(ParentRunner.java:309)
	at org.junit.runner.JUnitCore.run(JUnitCore.java:160)
	at com.intellij.junit4.JUnit4IdeaTestRunner.startRunnerWithArgs(JUnit4IdeaTestRunner.java:68)
	at com.intellij.rt.execution.junit.IdeaTestRunner$Repeater.startRunnerWithArgs(IdeaTestRunner.java:47)
	at com.intellij.rt.execution.junit.JUnitStarter.prepareStreamsAndStart(JUnitStarter.java:242)
	at com.intellij.rt.execution.junit.JUnitStarter.main(JUnitStarter.java:70)
2018-05-19 14:43:23,250 ERROR [main] c.s.d.i.OrderDaoImpl [OrderDaoImpl.java:100] Unknown column 'd.number' in 'field list' Query: select o.id,d.number,o.customName,g.name,o.payType,d.price,o.orderTime,o.state from tb_order_detail dinner join tb_order o on o.id=d.orderIdinner join tb_goods g on g.id=d.goodsId  limit ?,? Parameters: [0, 4]
java.sql.SQLException: Unknown column 'd.number' in 'field list' Query: select o.id,d.number,o.customName,g.name,o.payType,d.price,o.orderTime,o.state from tb_order_detail dinner join tb_order o on o.id=d.orderIdinner join tb_goods g on g.id=d.goodsId  limit ?,? Parameters: [0, 4]
	at org.apache.commons.dbutils.AbstractQueryRunner.rethrow(AbstractQueryRunner.java:392)
	at org.apache.commons.dbutils.QueryRunner.query(QueryRunner.java:351)
	at org.apache.commons.dbutils.QueryRunner.query(QueryRunner.java:289)
	at com.store.dao.impl.OrderDaoImpl.queryAll(OrderDaoImpl.java:97)
	at com.store.dao.impl.OrderDaoImplTest.queryAll2(OrderDaoImplTest.java:51)
	at sun.reflect.NativeMethodAccessorImpl.invoke0(Native Method)
	at sun.reflect.NativeMethodAccessorImpl.invoke(NativeMethodAccessorImpl.java:62)
	at sun.reflect.DelegatingMethodAccessorImpl.invoke(DelegatingMethodAccessorImpl.java:43)
	at java.lang.reflect.Method.invoke(Method.java:498)
	at org.junit.runners.model.FrameworkMethod$1.runReflectiveCall(FrameworkMethod.java:47)
	at org.junit.internal.runners.model.ReflectiveCallable.run(ReflectiveCallable.java:12)
	at org.junit.runners.model.FrameworkMethod.invokeExplosively(FrameworkMethod.java:44)
	at org.junit.internal.runners.statements.InvokeMethod.evaluate(InvokeMethod.java:17)
	at org.junit.runners.ParentRunner.runLeaf(ParentRunner.java:271)
	at org.junit.runners.BlockJUnit4ClassRunner.runChild(BlockJUnit4ClassRunner.java:70)
	at org.junit.runners.BlockJUnit4ClassRunner.runChild(BlockJUnit4ClassRunner.java:50)
	at org.junit.runners.ParentRunner$3.run(ParentRunner.java:238)
	at org.junit.runners.ParentRunner$1.schedule(ParentRunner.java:63)
	at org.junit.runners.ParentRunner.runChildren(ParentRunner.java:236)
	at org.junit.runners.ParentRunner.access$000(ParentRunner.java:53)
	at org.junit.runners.ParentRunner$2.evaluate(ParentRunner.java:229)
	at org.junit.runners.ParentRunner.run(ParentRunner.java:309)
	at org.junit.runner.JUnitCore.run(JUnitCore.java:160)
	at com.intellij.junit4.JUnit4IdeaTestRunner.startRunnerWithArgs(JUnit4IdeaTestRunner.java:68)
	at com.intellij.rt.execution.junit.IdeaTestRunner$Repeater.startRunnerWithArgs(IdeaTestRunner.java:47)
	at com.intellij.rt.execution.junit.JUnitStarter.prepareStreamsAndStart(JUnitStarter.java:242)
	at com.intellij.rt.execution.junit.JUnitStarter.main(JUnitStarter.java:70)
2018-05-19 14:44:04,598 ERROR [main] c.s.d.i.OrderDaoImpl [OrderDaoImpl.java:100] Unknown column 'd.price' in 'field list' Query: select o.id,number,o.customName,g.name,o.payType,d.price,o.orderTime,o.state from tb_order_detail dinner join tb_order o on o.id=d.orderIdinner join tb_goods g on g.id=d.goodsId  limit ?,? Parameters: [0, 4]
java.sql.SQLException: Unknown column 'd.price' in 'field list' Query: select o.id,number,o.customName,g.name,o.payType,d.price,o.orderTime,o.state from tb_order_detail dinner join tb_order o on o.id=d.orderIdinner join tb_goods g on g.id=d.goodsId  limit ?,? Parameters: [0, 4]
	at org.apache.commons.dbutils.AbstractQueryRunner.rethrow(AbstractQueryRunner.java:392)
	at org.apache.commons.dbutils.QueryRunner.query(QueryRunner.java:351)
	at org.apache.commons.dbutils.QueryRunner.query(QueryRunner.java:289)
	at com.store.dao.impl.OrderDaoImpl.queryAll(OrderDaoImpl.java:97)
	at com.store.dao.impl.OrderDaoImplTest.queryAll2(OrderDaoImplTest.java:51)
	at sun.reflect.NativeMethodAccessorImpl.invoke0(Native Method)
	at sun.reflect.NativeMethodAccessorImpl.invoke(NativeMethodAccessorImpl.java:62)
	at sun.reflect.DelegatingMethodAccessorImpl.invoke(DelegatingMethodAccessorImpl.java:43)
	at java.lang.reflect.Method.invoke(Method.java:498)
	at org.junit.runners.model.FrameworkMethod$1.runReflectiveCall(FrameworkMethod.java:47)
	at org.junit.internal.runners.model.ReflectiveCallable.run(ReflectiveCallable.java:12)
	at org.junit.runners.model.FrameworkMethod.invokeExplosively(FrameworkMethod.java:44)
	at org.junit.internal.runners.statements.InvokeMethod.evaluate(InvokeMethod.java:17)
	at org.junit.runners.ParentRunner.runLeaf(ParentRunner.java:271)
	at org.junit.runners.BlockJUnit4ClassRunner.runChild(BlockJUnit4ClassRunner.java:70)
	at org.junit.runners.BlockJUnit4ClassRunner.runChild(BlockJUnit4ClassRunner.java:50)
	at org.junit.runners.ParentRunner$3.run(ParentRunner.java:238)
	at org.junit.runners.ParentRunner$1.schedule(ParentRunner.java:63)
	at org.junit.runners.ParentRunner.runChildren(ParentRunner.java:236)
	at org.junit.runners.ParentRunner.access$000(ParentRunner.java:53)
	at org.junit.runners.ParentRunner$2.evaluate(ParentRunner.java:229)
	at org.junit.runners.ParentRunner.run(ParentRunner.java:309)
	at org.junit.runner.JUnitCore.run(JUnitCore.java:160)
	at com.intellij.junit4.JUnit4IdeaTestRunner.startRunnerWithArgs(JUnit4IdeaTestRunner.java:68)
	at com.intellij.rt.execution.junit.IdeaTestRunner$Repeater.startRunnerWithArgs(IdeaTestRunner.java:47)
	at com.intellij.rt.execution.junit.JUnitStarter.prepareStreamsAndStart(JUnitStarter.java:242)
	at com.intellij.rt.execution.junit.JUnitStarter.main(JUnitStarter.java:70)
2018-05-19 14:44:43,135 ERROR [main] c.s.d.i.OrderDaoImpl [OrderDaoImpl.java:100] Column 'price' in field list is ambiguous Query: select o.id,number,o.customName,g.name,o.payType,price,o.orderTime,o.state from tb_order_detail dinner join tb_order o on o.id=d.orderIdinner join tb_goods g on g.id=d.goodsId  limit ?,? Parameters: [0, 4]
java.sql.SQLException: Column 'price' in field list is ambiguous Query: select o.id,number,o.customName,g.name,o.payType,price,o.orderTime,o.state from tb_order_detail dinner join tb_order o on o.id=d.orderIdinner join tb_goods g on g.id=d.goodsId  limit ?,? Parameters: [0, 4]
	at org.apache.commons.dbutils.AbstractQueryRunner.rethrow(AbstractQueryRunner.java:392)
	at org.apache.commons.dbutils.QueryRunner.query(QueryRunner.java:351)
	at org.apache.commons.dbutils.QueryRunner.query(QueryRunner.java:289)
	at com.store.dao.impl.OrderDaoImpl.queryAll(OrderDaoImpl.java:97)
	at com.store.dao.impl.OrderDaoImplTest.queryAll2(OrderDaoImplTest.java:51)
	at sun.reflect.NativeMethodAccessorImpl.invoke0(Native Method)
	at sun.reflect.NativeMethodAccessorImpl.invoke(NativeMethodAccessorImpl.java:62)
	at sun.reflect.DelegatingMethodAccessorImpl.invoke(DelegatingMethodAccessorImpl.java:43)
	at java.lang.reflect.Method.invoke(Method.java:498)
	at org.junit.runners.model.FrameworkMethod$1.runReflectiveCall(FrameworkMethod.java:47)
	at org.junit.internal.runners.model.ReflectiveCallable.run(ReflectiveCallable.java:12)
	at org.junit.runners.model.FrameworkMethod.invokeExplosively(FrameworkMethod.java:44)
	at org.junit.internal.runners.statements.InvokeMethod.evaluate(InvokeMethod.java:17)
	at org.junit.runners.ParentRunner.runLeaf(ParentRunner.java:271)
	at org.junit.runners.BlockJUnit4ClassRunner.runChild(BlockJUnit4ClassRunner.java:70)
	at org.junit.runners.BlockJUnit4ClassRunner.runChild(BlockJUnit4ClassRunner.java:50)
	at org.junit.runners.ParentRunner$3.run(ParentRunner.java:238)
	at org.junit.runners.ParentRunner$1.schedule(ParentRunner.java:63)
	at org.junit.runners.ParentRunner.runChildren(ParentRunner.java:236)
	at org.junit.runners.ParentRunner.access$000(ParentRunner.java:53)
	at org.junit.runners.ParentRunner$2.evaluate(ParentRunner.java:229)
	at org.junit.runners.ParentRunner.run(ParentRunner.java:309)
	at org.junit.runner.JUnitCore.run(JUnitCore.java:160)
	at com.intellij.junit4.JUnit4IdeaTestRunner.startRunnerWithArgs(JUnit4IdeaTestRunner.java:68)
	at com.intellij.rt.execution.junit.IdeaTestRunner$Repeater.startRunnerWithArgs(IdeaTestRunner.java:47)
	at com.intellij.rt.execution.junit.JUnitStarter.prepareStreamsAndStart(JUnitStarter.java:242)
	at com.intellij.rt.execution.junit.JUnitStarter.main(JUnitStarter.java:70)
2018-05-19 14:45:52,120 INFO [main] c.s.d.i.OrderDaoImplTest [OrderDaoImplTest.java:54] {orderId=3, goodsId=4, number=1, memberId=12, customName=a, address=1, qq=1, telephone=1, payType=1, orderTime=2018-05-15 21:37:45.0, state=1, bz=1, id=4, tid=5, name=董洋, introduce=abc, price=12.00, reducePrice=0.00, photo=4.jpg, inTime=2018-05-18 21:11:40.0, saleNumber=null, hit=null}:
2018-05-19 14:46:44,783 INFO [main] c.s.d.i.OrderDaoImplTest [OrderDaoImplTest.java:54] {oid=3, number=1, customName=a, name=董洋, payType=1, price=1.00, orderTime=2018-05-15 21:37:45.0, state=1}:
2018-05-19 15:25:52,369 INFO [main] c.s.d.i.GoodsDaoImplTest [GoodsDaoImplTest.java:51] {id=9, tid=3, name=董洋, introduce=abc, price=12.00, reducePrice=0.00, photo=2.jpg, inTime=2018-05-19 12:53:42.0, saleNumber=0, hit=false, sid=3, typeName=1}
2018-05-19 15:25:52,388 INFO [main] c.s.d.i.GoodsDaoImplTest [GoodsDaoImplTest.java:51] {id=6, tid=4, name=董洋, introduce=abc, price=12.00, reducePrice=0.00, photo=3.jpg, inTime=2018-05-19 12:21:00.0, saleNumber=0, hit=false, sid=4, typeName=e}
2018-05-19 15:25:52,388 INFO [main] c.s.d.i.GoodsDaoImplTest [GoodsDaoImplTest.java:51] {id=10, tid=4, name=董洋, introduce=abc, price=12.00, reducePrice=0.00, photo=1.jpg, inTime=2018-05-19 13:06:45.0, saleNumber=0, hit=false, sid=4, typeName=e}
2018-05-19 15:25:52,388 INFO [main] c.s.d.i.GoodsDaoImplTest [GoodsDaoImplTest.java:51] {id=4, tid=5, name=董洋, introduce=abc, price=12.00, reducePrice=0.00, photo=4.jpg, inTime=2018-05-18 21:11:40.0, saleNumber=null, hit=null, sid=5, typeName=sm}
2018-05-19 15:30:03,476 INFO [main] c.s.d.i.GoodsDaoImplTest [GoodsDaoImplTest.java:51] {id=9, tid=3, name=董洋, introduce=abc, price=12.00, reducePrice=0.00, photo=2.jpg, inTime=2018-05-19 12:53:42.0, saleNumber=0, hit=false, sid=3, typeName=1}
2018-05-19 15:30:03,485 INFO [main] c.s.d.i.GoodsDaoImplTest [GoodsDaoImplTest.java:51] {id=6, tid=4, name=董洋, introduce=abc, price=12.00, reducePrice=0.00, photo=3.jpg, inTime=2018-05-19 12:21:00.0, saleNumber=0, hit=false, sid=4, typeName=e}
2018-05-19 15:30:03,486 INFO [main] c.s.d.i.GoodsDaoImplTest [GoodsDaoImplTest.java:51] {id=10, tid=4, name=董洋, introduce=abc, price=12.00, reducePrice=0.00, photo=1.jpg, inTime=2018-05-19 13:06:45.0, saleNumber=0, hit=false, sid=4, typeName=e}
2018-05-19 15:30:03,487 INFO [main] c.s.d.i.GoodsDaoImplTest [GoodsDaoImplTest.java:51] {id=4, tid=5, name=董洋, introduce=abc, price=12.00, reducePrice=0.00, photo=4.jpg, inTime=2018-05-18 21:11:40.0, saleNumber=null, hit=null, sid=5, typeName=sm}
2018-05-19 15:42:31,833 INFO [main] c.s.d.i.OrderDaoImplTest [OrderDaoImplTest.java:54] {oid=3, number=1, customName=a, name=董洋, payType=1, price=1.00, orderTime=2018-05-15 21:37:45.0, state=1}:
